python keras_dn_simple_multigpu.py
python keras_dn_simple.py
python custom_gridsearch_dn_siamese.py
python custom_gs_dn_siamese_layers_multi.py -g 1
python custom_gridsearch_dn_siamese_layers_avg.py
Column names are nb_layers_per_block, growth_rate, nb_dense_block, nb_filter, dropout, lr, epochs, opt, reduction, bn
Epochs  6  batch_size:  64  lr:  0.02  optimizer:  sgd
 es_patience:  4  lr_patience:  2
------------------------ current config for the test -------------------------
Layers:  [2, 2]  Growth_rate:  30  nb_filter:  16  dropout:  0.2
dense_block  2  reduction_:  0.5  bottleneck:  True
------------------------	  end of configs        -------------------------
pooling:flatten
__________________________________________________________________________________________________
Layer (type)                    Output Shape         Param #     Connected to                     
==================================================================================================
input_1 (InputLayer)            (None, 1, 96, 96)    0                                            
__________________________________________________________________________________________________
initial_conv2D (Conv2D)         (None, 16, 48, 48)   784         input_1[0][0]                    
__________________________________________________________________________________________________
initial_bn (BatchNormalization) (None, 16, 48, 48)   64          initial_conv2D[0][0]             
__________________________________________________________________________________________________
activation_1 (Activation)       (None, 16, 48, 48)   0           initial_bn[0][0]                 
__________________________________________________________________________________________________
max_pooling2d_1 (MaxPooling2D)  (None, 16, 24, 24)   0           activation_1[0][0]               
__________________________________________________________________________________________________
dense_0_0_bn (BatchNormalizatio (None, 16, 24, 24)   64          max_pooling2d_1[0][0]            
__________________________________________________________________________________________________
activation_2 (Activation)       (None, 16, 24, 24)   0           dense_0_0_bn[0][0]               
__________________________________________________________________________________________________
dense_0_0_bottleneck_conv2D (Co (None, 120, 24, 24)  1920        activation_2[0][0]               
__________________________________________________________________________________________________
dense_0_0_bottleneck_bn (BatchN (None, 120, 24, 24)  480         dense_0_0_bottleneck_conv2D[0][0]
__________________________________________________________________________________________________
activation_3 (Activation)       (None, 120, 24, 24)  0           dense_0_0_bottleneck_bn[0][0]    
__________________________________________________________________________________________________
dense_0_0_conv2D (Conv2D)       (None, 30, 24, 24)   32400       activation_3[0][0]               
__________________________________________________________________________________________________
dropout_1 (Dropout)             (None, 30, 24, 24)   0           dense_0_0_conv2D[0][0]           
__________________________________________________________________________________________________
concatenate_1 (Concatenate)     (None, 46, 24, 24)   0           max_pooling2d_1[0][0]            
                                                                 dropout_1[0][0]                  
__________________________________________________________________________________________________
dense_0_1_bn (BatchNormalizatio (None, 46, 24, 24)   184         concatenate_1[0][0]              
__________________________________________________________________________________________________
activation_4 (Activation)       (None, 46, 24, 24)   0           dense_0_1_bn[0][0]               
__________________________________________________________________________________________________
dense_0_1_bottleneck_conv2D (Co (None, 120, 24, 24)  5520        activation_4[0][0]               
__________________________________________________________________________________________________
dense_0_1_bottleneck_bn (BatchN (None, 120, 24, 24)  480         dense_0_1_bottleneck_conv2D[0][0]
__________________________________________________________________________________________________
activation_5 (Activation)       (None, 120, 24, 24)  0           dense_0_1_bottleneck_bn[0][0]    
__________________________________________________________________________________________________
dense_0_1_conv2D (Conv2D)       (None, 30, 24, 24)   32400       activation_5[0][0]               
__________________________________________________________________________________________________
dropout_2 (Dropout)             (None, 30, 24, 24)   0           dense_0_1_conv2D[0][0]           
__________________________________________________________________________________________________
concatenate_2 (Concatenate)     (None, 76, 24, 24)   0           concatenate_1[0][0]              
                                                                 dropout_2[0][0]                  
__________________________________________________________________________________________________
tr_0_bn (BatchNormalization)    (None, 76, 24, 24)   304         concatenate_2[0][0]              
__________________________________________________________________________________________________
activation_6 (Activation)       (None, 76, 24, 24)   0           tr_0_bn[0][0]                    
__________________________________________________________________________________________________
tr_0_conv2D (Conv2D)            (None, 38, 24, 24)   2888        activation_6[0][0]               
__________________________________________________________________________________________________
max_pooling2d_2 (MaxPooling2D)  (None, 38, 12, 12)   0           tr_0_conv2D[0][0]                
__________________________________________________________________________________________________
dense_1_0_bn (BatchNormalizatio (None, 38, 12, 12)   152         max_pooling2d_2[0][0]            
__________________________________________________________________________________________________
activation_7 (Activation)       (None, 38, 12, 12)   0           dense_1_0_bn[0][0]               
__________________________________________________________________________________________________
dense_1_0_bottleneck_conv2D (Co (None, 120, 12, 12)  4560        activation_7[0][0]               
__________________________________________________________________________________________________
dense_1_0_bottleneck_bn (BatchN (None, 120, 12, 12)  480         dense_1_0_bottleneck_conv2D[0][0]
__________________________________________________________________________________________________
activation_8 (Activation)       (None, 120, 12, 12)  0           dense_1_0_bottleneck_bn[0][0]    
__________________________________________________________________________________________________
dense_1_0_conv2D (Conv2D)       (None, 30, 12, 12)   32400       activation_8[0][0]               
__________________________________________________________________________________________________
dropout_3 (Dropout)             (None, 30, 12, 12)   0           dense_1_0_conv2D[0][0]           
__________________________________________________________________________________________________
concatenate_3 (Concatenate)     (None, 68, 12, 12)   0           max_pooling2d_2[0][0]            
                                                                 dropout_3[0][0]                  
__________________________________________________________________________________________________
dense_1_1_bn (BatchNormalizatio (None, 68, 12, 12)   272         concatenate_3[0][0]              
__________________________________________________________________________________________________
activation_9 (Activation)       (None, 68, 12, 12)   0           dense_1_1_bn[0][0]               
__________________________________________________________________________________________________
dense_1_1_bottleneck_conv2D (Co (None, 120, 12, 12)  8160        activation_9[0][0]               
__________________________________________________________________________________________________
dense_1_1_bottleneck_bn (BatchN (None, 120, 12, 12)  480         dense_1_1_bottleneck_conv2D[0][0]
__________________________________________________________________________________________________
activation_10 (Activation)      (None, 120, 12, 12)  0           dense_1_1_bottleneck_bn[0][0]    
__________________________________________________________________________________________________
dense_1_1_conv2D (Conv2D)       (None, 30, 12, 12)   32400       activation_10[0][0]              
__________________________________________________________________________________________________
dropout_4 (Dropout)             (None, 30, 12, 12)   0           dense_1_1_conv2D[0][0]           
__________________________________________________________________________________________________
concatenate_4 (Concatenate)     (None, 98, 12, 12)   0           concatenate_3[0][0]              
                                                                 dropout_4[0][0]                  
__________________________________________________________________________________________________
final_bn (BatchNormalization)   (None, 98, 12, 12)   392         concatenate_4[0][0]              
__________________________________________________________________________________________________
activation_11 (Activation)      (None, 98, 12, 12)   0           final_bn[0][0]                   
__________________________________________________________________________________________________
flatten_1 (Flatten)             (None, 14112)        0           activation_11[0][0]              
==================================================================================================
Total params: 156,784
Trainable params: 155,108
Non-trainable params: 1,676
__________________________________________________________________________________________________
__________________________________________________________________________________________________
Layer (type)                    Output Shape         Param #     Connected to                     
==================================================================================================
input_2 (InputLayer)            (None, 1, 96, 96)    0                                            
__________________________________________________________________________________________________
input_3 (InputLayer)            (None, 1, 96, 96)    0                                            
__________________________________________________________________________________________________
densenet (Model)                (None, 14112)        156784      input_2[0][0]                    
                                                                 input_3[0][0]                    
__________________________________________________________________________________________________
merge_features (Concatenate)    (None, 28224)        0           densenet[1][0]                   
                                                                 densenet[2][0]                   
__________________________________________________________________________________________________
dense_1 (Dense)                 (None, 512)          14451200    merge_features[0][0]             
__________________________________________________________________________________________________
activation_12 (Activation)      (None, 512)          0           dense_1[0][0]                    
__________________________________________________________________________________________________
batch_normalization_1 (BatchNor (None, 512)          2048        activation_12[0][0]              
__________________________________________________________________________________________________
dropout_5 (Dropout)             (None, 512)          0           batch_normalization_1[0][0]      
__________________________________________________________________________________________________
dense_2 (Dense)                 (None, 1)            513         dropout_5[0][0]                  
==================================================================================================
Total params: 14,610,545
Trainable params: 14,607,845
Non-trainable params: 2,700
__________________________________________________________________________________________________
Finished compiling
Train on 31872 samples, validate on 7968 samples
Epoch 1/6
 - 67s - loss: 0.5176 - acc: 0.8121 - val_loss: 1.7452 - val_acc: 0.5089

Epoch 00001: val_loss improved from inf to 1.74517, saving model to keras_densenet_siamese_27Oct_1550_weights.h5
Epoch 2/6
 - 61s - loss: 0.2877 - acc: 0.9264 - val_loss: 1.6331 - val_acc: 0.5328

Epoch 00002: val_loss improved from 1.74517 to 1.63310, saving model to keras_densenet_siamese_27Oct_1550_weights.h5
Epoch 3/6
 - 61s - loss: 0.2147 - acc: 0.9554 - val_loss: 1.3091 - val_acc: 0.5984

Epoch 00003: val_loss improved from 1.63310 to 1.30907, saving model to keras_densenet_siamese_27Oct_1550_weights.h5
Epoch 4/6
 - 61s - loss: 0.1777 - acc: 0.9710 - val_loss: 1.6525 - val_acc: 0.5601

Epoch 00004: val_loss did not improve from 1.30907
Epoch 5/6
 - 61s - loss: 0.1590 - acc: 0.9762 - val_loss: 1.8743 - val_acc: 0.5182

Epoch 00005: ReduceLROnPlateau reducing learning rate to 0.006324555178971931.

Epoch 00005: val_loss did not improve from 1.30907
Epoch 6/6
 - 61s - loss: 0.1267 - acc: 0.9865 - val_loss: 3.3193 - val_acc: 0.5089

Epoch 00006: val_loss did not improve from 1.30907
Test accuracy:0.605
current auc_score ------------------> 0.704
Epochs  6  batch_size:  64  lr:  0.02  optimizer:  sgd
 es_patience:  4  lr_patience:  2
------------------------ current config for the test -------------------------
Layers:  [2, 2]  Growth_rate:  30  nb_filter:  16  dropout:  0.2
dense_block  2  reduction_:  0.5  bottleneck:  True
------------------------	  end of configs        -------------------------
pooling:flatten
__________________________________________________________________________________________________
Layer (type)                    Output Shape         Param #     Connected to                     
==================================================================================================
input_1 (InputLayer)            (None, 1, 96, 96)    0                                            
__________________________________________________________________________________________________
initial_conv2D (Conv2D)         (None, 16, 48, 48)   784         input_1[0][0]                    
__________________________________________________________________________________________________
initial_bn (BatchNormalization) (None, 16, 48, 48)   64          initial_conv2D[0][0]             
__________________________________________________________________________________________________
activation_1 (Activation)       (None, 16, 48, 48)   0           initial_bn[0][0]                 
__________________________________________________________________________________________________
max_pooling2d_1 (MaxPooling2D)  (None, 16, 24, 24)   0           activation_1[0][0]               
__________________________________________________________________________________________________
dense_0_0_bn (BatchNormalizatio (None, 16, 24, 24)   64          max_pooling2d_1[0][0]            
__________________________________________________________________________________________________
activation_2 (Activation)       (None, 16, 24, 24)   0           dense_0_0_bn[0][0]               
__________________________________________________________________________________________________
dense_0_0_bottleneck_conv2D (Co (None, 120, 24, 24)  1920        activation_2[0][0]               
__________________________________________________________________________________________________
dense_0_0_bottleneck_bn (BatchN (None, 120, 24, 24)  480         dense_0_0_bottleneck_conv2D[0][0]
__________________________________________________________________________________________________
activation_3 (Activation)       (None, 120, 24, 24)  0           dense_0_0_bottleneck_bn[0][0]    
__________________________________________________________________________________________________
dense_0_0_conv2D (Conv2D)       (None, 30, 24, 24)   32400       activation_3[0][0]               
__________________________________________________________________________________________________
dropout_1 (Dropout)             (None, 30, 24, 24)   0           dense_0_0_conv2D[0][0]           
__________________________________________________________________________________________________
concatenate_1 (Concatenate)     (None, 46, 24, 24)   0           max_pooling2d_1[0][0]            
                                                                 dropout_1[0][0]                  
__________________________________________________________________________________________________
dense_0_1_bn (BatchNormalizatio (None, 46, 24, 24)   184         concatenate_1[0][0]              
__________________________________________________________________________________________________
activation_4 (Activation)       (None, 46, 24, 24)   0           dense_0_1_bn[0][0]               
__________________________________________________________________________________________________
dense_0_1_bottleneck_conv2D (Co (None, 120, 24, 24)  5520        activation_4[0][0]               
__________________________________________________________________________________________________
dense_0_1_bottleneck_bn (BatchN (None, 120, 24, 24)  480         dense_0_1_bottleneck_conv2D[0][0]
__________________________________________________________________________________________________
activation_5 (Activation)       (None, 120, 24, 24)  0           dense_0_1_bottleneck_bn[0][0]    
__________________________________________________________________________________________________
dense_0_1_conv2D (Conv2D)       (None, 30, 24, 24)   32400       activation_5[0][0]               
__________________________________________________________________________________________________
dropout_2 (Dropout)             (None, 30, 24, 24)   0           dense_0_1_conv2D[0][0]           
__________________________________________________________________________________________________
concatenate_2 (Concatenate)     (None, 76, 24, 24)   0           concatenate_1[0][0]              
                                                                 dropout_2[0][0]                  
__________________________________________________________________________________________________
tr_0_bn (BatchNormalization)    (None, 76, 24, 24)   304         concatenate_2[0][0]              
__________________________________________________________________________________________________
activation_6 (Activation)       (None, 76, 24, 24)   0           tr_0_bn[0][0]                    
__________________________________________________________________________________________________
tr_0_conv2D (Conv2D)            (None, 38, 24, 24)   2888        activation_6[0][0]               
__________________________________________________________________________________________________
max_pooling2d_2 (MaxPooling2D)  (None, 38, 12, 12)   0           tr_0_conv2D[0][0]                
__________________________________________________________________________________________________
dense_1_0_bn (BatchNormalizatio (None, 38, 12, 12)   152         max_pooling2d_2[0][0]            
__________________________________________________________________________________________________
activation_7 (Activation)       (None, 38, 12, 12)   0           dense_1_0_bn[0][0]               
__________________________________________________________________________________________________
dense_1_0_bottleneck_conv2D (Co (None, 120, 12, 12)  4560        activation_7[0][0]               
__________________________________________________________________________________________________
dense_1_0_bottleneck_bn (BatchN (None, 120, 12, 12)  480         dense_1_0_bottleneck_conv2D[0][0]
__________________________________________________________________________________________________
activation_8 (Activation)       (None, 120, 12, 12)  0           dense_1_0_bottleneck_bn[0][0]    
__________________________________________________________________________________________________
dense_1_0_conv2D (Conv2D)       (None, 30, 12, 12)   32400       activation_8[0][0]               
__________________________________________________________________________________________________
dropout_3 (Dropout)             (None, 30, 12, 12)   0           dense_1_0_conv2D[0][0]           
__________________________________________________________________________________________________
concatenate_3 (Concatenate)     (None, 68, 12, 12)   0           max_pooling2d_2[0][0]            
                                                                 dropout_3[0][0]                  
__________________________________________________________________________________________________
dense_1_1_bn (BatchNormalizatio (None, 68, 12, 12)   272         concatenate_3[0][0]              
__________________________________________________________________________________________________
activation_9 (Activation)       (None, 68, 12, 12)   0           dense_1_1_bn[0][0]               
__________________________________________________________________________________________________
dense_1_1_bottleneck_conv2D (Co (None, 120, 12, 12)  8160        activation_9[0][0]               
__________________________________________________________________________________________________
dense_1_1_bottleneck_bn (BatchN (None, 120, 12, 12)  480         dense_1_1_bottleneck_conv2D[0][0]
__________________________________________________________________________________________________
activation_10 (Activation)      (None, 120, 12, 12)  0           dense_1_1_bottleneck_bn[0][0]    
__________________________________________________________________________________________________
dense_1_1_conv2D (Conv2D)       (None, 30, 12, 12)   32400       activation_10[0][0]              
__________________________________________________________________________________________________
dropout_4 (Dropout)             (None, 30, 12, 12)   0           dense_1_1_conv2D[0][0]           
__________________________________________________________________________________________________
concatenate_4 (Concatenate)     (None, 98, 12, 12)   0           concatenate_3[0][0]              
                                                                 dropout_4[0][0]                  
__________________________________________________________________________________________________
final_bn (BatchNormalization)   (None, 98, 12, 12)   392         concatenate_4[0][0]              
__________________________________________________________________________________________________
activation_11 (Activation)      (None, 98, 12, 12)   0           final_bn[0][0]                   
__________________________________________________________________________________________________
flatten_1 (Flatten)             (None, 14112)        0           activation_11[0][0]              
==================================================================================================
Total params: 156,784
Trainable params: 155,108
Non-trainable params: 1,676
__________________________________________________________________________________________________
__________________________________________________________________________________________________
Layer (type)                    Output Shape         Param #     Connected to                     
==================================================================================================
input_2 (InputLayer)            (None, 1, 96, 96)    0                                            
__________________________________________________________________________________________________
input_3 (InputLayer)            (None, 1, 96, 96)    0                                            
__________________________________________________________________________________________________
densenet (Model)                (None, 14112)        156784      input_2[0][0]                    
                                                                 input_3[0][0]                    
__________________________________________________________________________________________________
merge_features (Concatenate)    (None, 28224)        0           densenet[1][0]                   
                                                                 densenet[2][0]                   
__________________________________________________________________________________________________
dense_1 (Dense)                 (None, 512)          14451200    merge_features[0][0]             
__________________________________________________________________________________________________
activation_12 (Activation)      (None, 512)          0           dense_1[0][0]                    
__________________________________________________________________________________________________
batch_normalization_1 (BatchNor (None, 512)          2048        activation_12[0][0]              
__________________________________________________________________________________________________
dropout_5 (Dropout)             (None, 512)          0           batch_normalization_1[0][0]      
__________________________________________________________________________________________________
dense_2 (Dense)                 (None, 1)            513         dropout_5[0][0]                  
==================================================================================================
Total params: 14,610,545
Trainable params: 14,607,845
Non-trainable params: 2,700
__________________________________________________________________________________________________
Finished compiling
Train on 31872 samples, validate on 7968 samples
Epoch 1/6
 - 65s - loss: 0.5117 - acc: 0.8151 - val_loss: 0.4656 - val_acc: 0.8154

Epoch 00001: val_loss improved from inf to 0.46562, saving model to keras_densenet_siamese_27Oct_1550_weights.h5
Epoch 2/6
 - 62s - loss: 0.2861 - acc: 0.9262 - val_loss: 0.1920 - val_acc: 0.9703

Epoch 00002: val_loss improved from 0.46562 to 0.19204, saving model to keras_densenet_siamese_27Oct_1550_weights.h5
Epoch 3/6
 - 62s - loss: 0.2134 - acc: 0.9551 - val_loss: 0.1787 - val_acc: 0.9734

Epoch 00003: val_loss improved from 0.19204 to 0.17872, saving model to keras_densenet_siamese_27Oct_1550_weights.h5
Epoch 4/6
 - 62s - loss: 0.1816 - acc: 0.9682 - val_loss: 0.1822 - val_acc: 0.9723

Epoch 00004: val_loss did not improve from 0.17872
Epoch 5/6
 - 62s - loss: 0.1510 - acc: 0.9778 - val_loss: 0.1278 - val_acc: 0.9882

Epoch 00005: val_loss improved from 0.17872 to 0.12779, saving model to keras_densenet_siamese_27Oct_1550_weights.h5
Epoch 6/6
 - 62s - loss: 0.1339 - acc: 0.9828 - val_loss: 0.1082 - val_acc: 0.9932

Epoch 00006: val_loss improved from 0.12779 to 0.10816, saving model to keras_densenet_siamese_27Oct_1550_weights.h5
Test accuracy:0.710
current auc_score ------------------> 0.902
Epochs  6  batch_size:  64  lr:  0.02  optimizer:  sgd
 es_patience:  4  lr_patience:  2
------------------------ current config for the test -------------------------
Layers:  [2, 2]  Growth_rate:  30  nb_filter:  16  dropout:  0.2
dense_block  2  reduction_:  0.5  bottleneck:  True
------------------------	  end of configs        -------------------------
pooling:flatten
__________________________________________________________________________________________________
Layer (type)                    Output Shape         Param #     Connected to                     
==================================================================================================
input_1 (InputLayer)            (None, 1, 96, 96)    0                                            
__________________________________________________________________________________________________
initial_conv2D (Conv2D)         (None, 16, 48, 48)   784         input_1[0][0]                    
__________________________________________________________________________________________________
initial_bn (BatchNormalization) (None, 16, 48, 48)   64          initial_conv2D[0][0]             
__________________________________________________________________________________________________
activation_1 (Activation)       (None, 16, 48, 48)   0           initial_bn[0][0]                 
__________________________________________________________________________________________________
max_pooling2d_1 (MaxPooling2D)  (None, 16, 24, 24)   0           activation_1[0][0]               
__________________________________________________________________________________________________
dense_0_0_bn (BatchNormalizatio (None, 16, 24, 24)   64          max_pooling2d_1[0][0]            
__________________________________________________________________________________________________
activation_2 (Activation)       (None, 16, 24, 24)   0           dense_0_0_bn[0][0]               
__________________________________________________________________________________________________
dense_0_0_bottleneck_conv2D (Co (None, 120, 24, 24)  1920        activation_2[0][0]               
__________________________________________________________________________________________________
dense_0_0_bottleneck_bn (BatchN (None, 120, 24, 24)  480         dense_0_0_bottleneck_conv2D[0][0]
__________________________________________________________________________________________________
activation_3 (Activation)       (None, 120, 24, 24)  0           dense_0_0_bottleneck_bn[0][0]    
__________________________________________________________________________________________________
dense_0_0_conv2D (Conv2D)       (None, 30, 24, 24)   32400       activation_3[0][0]               
__________________________________________________________________________________________________
dropout_1 (Dropout)             (None, 30, 24, 24)   0           dense_0_0_conv2D[0][0]           
__________________________________________________________________________________________________
concatenate_1 (Concatenate)     (None, 46, 24, 24)   0           max_pooling2d_1[0][0]            
                                                                 dropout_1[0][0]                  
__________________________________________________________________________________________________
dense_0_1_bn (BatchNormalizatio (None, 46, 24, 24)   184         concatenate_1[0][0]              
__________________________________________________________________________________________________
activation_4 (Activation)       (None, 46, 24, 24)   0           dense_0_1_bn[0][0]               
__________________________________________________________________________________________________
dense_0_1_bottleneck_conv2D (Co (None, 120, 24, 24)  5520        activation_4[0][0]               
__________________________________________________________________________________________________
dense_0_1_bottleneck_bn (BatchN (None, 120, 24, 24)  480         dense_0_1_bottleneck_conv2D[0][0]
__________________________________________________________________________________________________
activation_5 (Activation)       (None, 120, 24, 24)  0           dense_0_1_bottleneck_bn[0][0]    
__________________________________________________________________________________________________
dense_0_1_conv2D (Conv2D)       (None, 30, 24, 24)   32400       activation_5[0][0]               
__________________________________________________________________________________________________
dropout_2 (Dropout)             (None, 30, 24, 24)   0           dense_0_1_conv2D[0][0]           
__________________________________________________________________________________________________
concatenate_2 (Concatenate)     (None, 76, 24, 24)   0           concatenate_1[0][0]              
                                                                 dropout_2[0][0]                  
__________________________________________________________________________________________________
tr_0_bn (BatchNormalization)    (None, 76, 24, 24)   304         concatenate_2[0][0]              
__________________________________________________________________________________________________
activation_6 (Activation)       (None, 76, 24, 24)   0           tr_0_bn[0][0]                    
__________________________________________________________________________________________________
tr_0_conv2D (Conv2D)            (None, 38, 24, 24)   2888        activation_6[0][0]               
__________________________________________________________________________________________________
max_pooling2d_2 (MaxPooling2D)  (None, 38, 12, 12)   0           tr_0_conv2D[0][0]                
__________________________________________________________________________________________________
dense_1_0_bn (BatchNormalizatio (None, 38, 12, 12)   152         max_pooling2d_2[0][0]            
__________________________________________________________________________________________________
activation_7 (Activation)       (None, 38, 12, 12)   0           dense_1_0_bn[0][0]               
__________________________________________________________________________________________________
dense_1_0_bottleneck_conv2D (Co (None, 120, 12, 12)  4560        activation_7[0][0]               
__________________________________________________________________________________________________
dense_1_0_bottleneck_bn (BatchN (None, 120, 12, 12)  480         dense_1_0_bottleneck_conv2D[0][0]
__________________________________________________________________________________________________
activation_8 (Activation)       (None, 120, 12, 12)  0           dense_1_0_bottleneck_bn[0][0]    
__________________________________________________________________________________________________
dense_1_0_conv2D (Conv2D)       (None, 30, 12, 12)   32400       activation_8[0][0]               
__________________________________________________________________________________________________
dropout_3 (Dropout)             (None, 30, 12, 12)   0           dense_1_0_conv2D[0][0]           
__________________________________________________________________________________________________
concatenate_3 (Concatenate)     (None, 68, 12, 12)   0           max_pooling2d_2[0][0]            
                                                                 dropout_3[0][0]                  
__________________________________________________________________________________________________
dense_1_1_bn (BatchNormalizatio (None, 68, 12, 12)   272         concatenate_3[0][0]              
__________________________________________________________________________________________________
activation_9 (Activation)       (None, 68, 12, 12)   0           dense_1_1_bn[0][0]               
__________________________________________________________________________________________________
dense_1_1_bottleneck_conv2D (Co (None, 120, 12, 12)  8160        activation_9[0][0]               
__________________________________________________________________________________________________
dense_1_1_bottleneck_bn (BatchN (None, 120, 12, 12)  480         dense_1_1_bottleneck_conv2D[0][0]
__________________________________________________________________________________________________
activation_10 (Activation)      (None, 120, 12, 12)  0           dense_1_1_bottleneck_bn[0][0]    
__________________________________________________________________________________________________
dense_1_1_conv2D (Conv2D)       (None, 30, 12, 12)   32400       activation_10[0][0]              
__________________________________________________________________________________________________
dropout_4 (Dropout)             (None, 30, 12, 12)   0           dense_1_1_conv2D[0][0]           
__________________________________________________________________________________________________
concatenate_4 (Concatenate)     (None, 98, 12, 12)   0           concatenate_3[0][0]              
                                                                 dropout_4[0][0]                  
__________________________________________________________________________________________________
final_bn (BatchNormalization)   (None, 98, 12, 12)   392         concatenate_4[0][0]              
__________________________________________________________________________________________________
activation_11 (Activation)      (None, 98, 12, 12)   0           final_bn[0][0]                   
__________________________________________________________________________________________________
flatten_1 (Flatten)             (None, 14112)        0           activation_11[0][0]              
==================================================================================================
Total params: 156,784
Trainable params: 155,108
Non-trainable params: 1,676
__________________________________________________________________________________________________
__________________________________________________________________________________________________
Layer (type)                    Output Shape         Param #     Connected to                     
==================================================================================================
input_2 (InputLayer)            (None, 1, 96, 96)    0                                            
__________________________________________________________________________________________________
input_3 (InputLayer)            (None, 1, 96, 96)    0                                            
__________________________________________________________________________________________________
densenet (Model)                (None, 14112)        156784      input_2[0][0]                    
                                                                 input_3[0][0]                    
__________________________________________________________________________________________________
merge_features (Concatenate)    (None, 28224)        0           densenet[1][0]                   
                                                                 densenet[2][0]                   
__________________________________________________________________________________________________
dense_1 (Dense)                 (None, 512)          14451200    merge_features[0][0]             
__________________________________________________________________________________________________
activation_12 (Activation)      (None, 512)          0           dense_1[0][0]                    
__________________________________________________________________________________________________
batch_normalization_1 (BatchNor (None, 512)          2048        activation_12[0][0]              
__________________________________________________________________________________________________
dropout_5 (Dropout)             (None, 512)          0           batch_normalization_1[0][0]      
__________________________________________________________________________________________________
dense_2 (Dense)                 (None, 1)            513         dropout_5[0][0]                  
==================================================================================================
Total params: 14,610,545
Trainable params: 14,607,845
Non-trainable params: 2,700
__________________________________________________________________________________________________
Finished compiling
Train on 31872 samples, validate on 7968 samples
Epoch 1/6
 - 65s - loss: 0.5106 - acc: 0.8149 - val_loss: 0.7255 - val_acc: 0.6914

Epoch 00001: val_loss improved from inf to 0.72550, saving model to keras_densenet_siamese_27Oct_1550_weights.h5
Epoch 2/6
 - 62s - loss: 0.2742 - acc: 0.9325 - val_loss: 0.1756 - val_acc: 0.9790

Epoch 00002: val_loss improved from 0.72550 to 0.17561, saving model to keras_densenet_siamese_27Oct_1550_weights.h5
Epoch 3/6
 - 62s - loss: 0.2182 - acc: 0.9543 - val_loss: 1.1383 - val_acc: 0.5799

Epoch 00003: val_loss did not improve from 0.17561
Epoch 4/6
 - 63s - loss: 0.1889 - acc: 0.9650 - val_loss: 0.1367 - val_acc: 0.9897

Epoch 00004: val_loss improved from 0.17561 to 0.13666, saving model to keras_densenet_siamese_27Oct_1550_weights.h5
Epoch 5/6
 - 62s - loss: 0.1592 - acc: 0.9757 - val_loss: 0.1609 - val_acc: 0.9735

Epoch 00005: val_loss did not improve from 0.13666
Epoch 6/6
 - 63s - loss: 0.1496 - acc: 0.9769 - val_loss: 0.1161 - val_acc: 0.9911

Epoch 00006: val_loss improved from 0.13666 to 0.11606, saving model to keras_densenet_siamese_27Oct_1550_weights.h5
Test accuracy:0.682
current auc_score ------------------> 0.834
Epochs  6  batch_size:  64  lr:  0.02  optimizer:  sgd
 es_patience:  4  lr_patience:  2
------------------------ current config for the test -------------------------
Layers:  [2, 2]  Growth_rate:  30  nb_filter:  16  dropout:  0.2
dense_block  2  reduction_:  0.5  bottleneck:  True
------------------------	  end of configs        -------------------------
pooling:flatten
__________________________________________________________________________________________________
Layer (type)                    Output Shape         Param #     Connected to                     
==================================================================================================
input_1 (InputLayer)            (None, 1, 96, 96)    0                                            
__________________________________________________________________________________________________
initial_conv2D (Conv2D)         (None, 16, 48, 48)   784         input_1[0][0]                    
__________________________________________________________________________________________________
initial_bn (BatchNormalization) (None, 16, 48, 48)   64          initial_conv2D[0][0]             
__________________________________________________________________________________________________
activation_1 (Activation)       (None, 16, 48, 48)   0           initial_bn[0][0]                 
__________________________________________________________________________________________________
max_pooling2d_1 (MaxPooling2D)  (None, 16, 24, 24)   0           activation_1[0][0]               
__________________________________________________________________________________________________
dense_0_0_bn (BatchNormalizatio (None, 16, 24, 24)   64          max_pooling2d_1[0][0]            
__________________________________________________________________________________________________
activation_2 (Activation)       (None, 16, 24, 24)   0           dense_0_0_bn[0][0]               
__________________________________________________________________________________________________
dense_0_0_bottleneck_conv2D (Co (None, 120, 24, 24)  1920        activation_2[0][0]               
__________________________________________________________________________________________________
dense_0_0_bottleneck_bn (BatchN (None, 120, 24, 24)  480         dense_0_0_bottleneck_conv2D[0][0]
__________________________________________________________________________________________________
activation_3 (Activation)       (None, 120, 24, 24)  0           dense_0_0_bottleneck_bn[0][0]    
__________________________________________________________________________________________________
dense_0_0_conv2D (Conv2D)       (None, 30, 24, 24)   32400       activation_3[0][0]               
__________________________________________________________________________________________________
dropout_1 (Dropout)             (None, 30, 24, 24)   0           dense_0_0_conv2D[0][0]           
__________________________________________________________________________________________________
concatenate_1 (Concatenate)     (None, 46, 24, 24)   0           max_pooling2d_1[0][0]            
                                                                 dropout_1[0][0]                  
__________________________________________________________________________________________________
dense_0_1_bn (BatchNormalizatio (None, 46, 24, 24)   184         concatenate_1[0][0]              
__________________________________________________________________________________________________
activation_4 (Activation)       (None, 46, 24, 24)   0           dense_0_1_bn[0][0]               
__________________________________________________________________________________________________
dense_0_1_bottleneck_conv2D (Co (None, 120, 24, 24)  5520        activation_4[0][0]               
__________________________________________________________________________________________________
dense_0_1_bottleneck_bn (BatchN (None, 120, 24, 24)  480         dense_0_1_bottleneck_conv2D[0][0]
__________________________________________________________________________________________________
activation_5 (Activation)       (None, 120, 24, 24)  0           dense_0_1_bottleneck_bn[0][0]    
__________________________________________________________________________________________________
dense_0_1_conv2D (Conv2D)       (None, 30, 24, 24)   32400       activation_5[0][0]               
__________________________________________________________________________________________________
dropout_2 (Dropout)             (None, 30, 24, 24)   0           dense_0_1_conv2D[0][0]           
__________________________________________________________________________________________________
concatenate_2 (Concatenate)     (None, 76, 24, 24)   0           concatenate_1[0][0]              
                                                                 dropout_2[0][0]                  
__________________________________________________________________________________________________
tr_0_bn (BatchNormalization)    (None, 76, 24, 24)   304         concatenate_2[0][0]              
__________________________________________________________________________________________________
activation_6 (Activation)       (None, 76, 24, 24)   0           tr_0_bn[0][0]                    
__________________________________________________________________________________________________
tr_0_conv2D (Conv2D)            (None, 38, 24, 24)   2888        activation_6[0][0]               
__________________________________________________________________________________________________
max_pooling2d_2 (MaxPooling2D)  (None, 38, 12, 12)   0           tr_0_conv2D[0][0]                
__________________________________________________________________________________________________
dense_1_0_bn (BatchNormalizatio (None, 38, 12, 12)   152         max_pooling2d_2[0][0]            
__________________________________________________________________________________________________
activation_7 (Activation)       (None, 38, 12, 12)   0           dense_1_0_bn[0][0]               
__________________________________________________________________________________________________
dense_1_0_bottleneck_conv2D (Co (None, 120, 12, 12)  4560        activation_7[0][0]               
__________________________________________________________________________________________________
dense_1_0_bottleneck_bn (BatchN (None, 120, 12, 12)  480         dense_1_0_bottleneck_conv2D[0][0]
__________________________________________________________________________________________________
activation_8 (Activation)       (None, 120, 12, 12)  0           dense_1_0_bottleneck_bn[0][0]    
__________________________________________________________________________________________________
dense_1_0_conv2D (Conv2D)       (None, 30, 12, 12)   32400       activation_8[0][0]               
__________________________________________________________________________________________________
dropout_3 (Dropout)             (None, 30, 12, 12)   0           dense_1_0_conv2D[0][0]           
__________________________________________________________________________________________________
concatenate_3 (Concatenate)     (None, 68, 12, 12)   0           max_pooling2d_2[0][0]            
                                                                 dropout_3[0][0]                  
__________________________________________________________________________________________________
dense_1_1_bn (BatchNormalizatio (None, 68, 12, 12)   272         concatenate_3[0][0]              
__________________________________________________________________________________________________
activation_9 (Activation)       (None, 68, 12, 12)   0           dense_1_1_bn[0][0]               
__________________________________________________________________________________________________
dense_1_1_bottleneck_conv2D (Co (None, 120, 12, 12)  8160        activation_9[0][0]               
__________________________________________________________________________________________________
dense_1_1_bottleneck_bn (BatchN (None, 120, 12, 12)  480         dense_1_1_bottleneck_conv2D[0][0]
__________________________________________________________________________________________________
activation_10 (Activation)      (None, 120, 12, 12)  0           dense_1_1_bottleneck_bn[0][0]    
__________________________________________________________________________________________________
dense_1_1_conv2D (Conv2D)       (None, 30, 12, 12)   32400       activation_10[0][0]              
__________________________________________________________________________________________________
dropout_4 (Dropout)             (None, 30, 12, 12)   0           dense_1_1_conv2D[0][0]           
__________________________________________________________________________________________________
concatenate_4 (Concatenate)     (None, 98, 12, 12)   0           concatenate_3[0][0]              
                                                                 dropout_4[0][0]                  
__________________________________________________________________________________________________
final_bn (BatchNormalization)   (None, 98, 12, 12)   392         concatenate_4[0][0]              
__________________________________________________________________________________________________
activation_11 (Activation)      (None, 98, 12, 12)   0           final_bn[0][0]                   
__________________________________________________________________________________________________
flatten_1 (Flatten)             (None, 14112)        0           activation_11[0][0]              
==================================================================================================
Total params: 156,784
Trainable params: 155,108
Non-trainable params: 1,676
__________________________________________________________________________________________________
__________________________________________________________________________________________________
Layer (type)                    Output Shape         Param #     Connected to                     
==================================================================================================
input_2 (InputLayer)            (None, 1, 96, 96)    0                                            
__________________________________________________________________________________________________
input_3 (InputLayer)            (None, 1, 96, 96)    0                                            
__________________________________________________________________________________________________
densenet (Model)                (None, 14112)        156784      input_2[0][0]                    
                                                                 input_3[0][0]                    
__________________________________________________________________________________________________
merge_features (Concatenate)    (None, 28224)        0           densenet[1][0]                   
                                                                 densenet[2][0]                   
__________________________________________________________________________________________________
dense_1 (Dense)                 (None, 512)          14451200    merge_features[0][0]             
__________________________________________________________________________________________________
activation_12 (Activation)      (None, 512)          0           dense_1[0][0]                    
__________________________________________________________________________________________________
batch_normalization_1 (BatchNor (None, 512)          2048        activation_12[0][0]              
__________________________________________________________________________________________________
dropout_5 (Dropout)             (None, 512)          0           batch_normalization_1[0][0]      
__________________________________________________________________________________________________
dense_2 (Dense)                 (None, 1)            513         dropout_5[0][0]                  
==================================================================================================
Total params: 14,610,545
Trainable params: 14,607,845
Non-trainable params: 2,700
__________________________________________________________________________________________________
Finished compiling
Train on 31872 samples, validate on 7968 samples
Epoch 1/6
 - 66s - loss: 0.4982 - acc: 0.8316 - val_loss: 0.3598 - val_acc: 0.8924

Epoch 00001: val_loss improved from inf to 0.35977, saving model to keras_densenet_siamese_27Oct_1550_weights.h5
Epoch 2/6
 - 62s - loss: 0.2745 - acc: 0.9335 - val_loss: 0.1998 - val_acc: 0.9676

Epoch 00002: val_loss improved from 0.35977 to 0.19976, saving model to keras_densenet_siamese_27Oct_1550_weights.h5
Epoch 3/6
 - 62s - loss: 0.2085 - acc: 0.9602 - val_loss: 0.2238 - val_acc: 0.9487

Epoch 00003: val_loss did not improve from 0.19976
Epoch 4/6
 - 62s - loss: 0.1738 - acc: 0.9720 - val_loss: 0.2628 - val_acc: 0.9390

Epoch 00004: ReduceLROnPlateau reducing learning rate to 0.006324555178971931.

Epoch 00004: val_loss did not improve from 0.19976
Epoch 5/6
 - 62s - loss: 0.1496 - acc: 0.9808 - val_loss: 0.1077 - val_acc: 0.9955

Epoch 00005: val_loss improved from 0.19976 to 0.10775, saving model to keras_densenet_siamese_27Oct_1550_weights.h5
Epoch 6/6
 - 62s - loss: 0.1309 - acc: 0.9873 - val_loss: 0.1019 - val_acc: 0.9974

Epoch 00006: val_loss improved from 0.10775 to 0.10193, saving model to keras_densenet_siamese_27Oct_1550_weights.h5
Test accuracy:0.735
current auc_score ------------------> 0.863
Epochs  6  batch_size:  64  lr:  0.02  optimizer:  sgd
 es_patience:  4  lr_patience:  2
------------------------ current config for the test -------------------------
Layers:  [2, 2]  Growth_rate:  30  nb_filter:  16  dropout:  0.2
dense_block  2  reduction_:  0.5  bottleneck:  True
------------------------	  end of configs        -------------------------
pooling:flatten
__________________________________________________________________________________________________
Layer (type)                    Output Shape         Param #     Connected to                     
==================================================================================================
input_1 (InputLayer)            (None, 1, 96, 96)    0                                            
__________________________________________________________________________________________________
initial_conv2D (Conv2D)         (None, 16, 48, 48)   784         input_1[0][0]                    
__________________________________________________________________________________________________
initial_bn (BatchNormalization) (None, 16, 48, 48)   64          initial_conv2D[0][0]             
__________________________________________________________________________________________________
activation_1 (Activation)       (None, 16, 48, 48)   0           initial_bn[0][0]                 
__________________________________________________________________________________________________
max_pooling2d_1 (MaxPooling2D)  (None, 16, 24, 24)   0           activation_1[0][0]               
__________________________________________________________________________________________________
dense_0_0_bn (BatchNormalizatio (None, 16, 24, 24)   64          max_pooling2d_1[0][0]            
__________________________________________________________________________________________________
activation_2 (Activation)       (None, 16, 24, 24)   0           dense_0_0_bn[0][0]               
__________________________________________________________________________________________________
dense_0_0_bottleneck_conv2D (Co (None, 120, 24, 24)  1920        activation_2[0][0]               
__________________________________________________________________________________________________
dense_0_0_bottleneck_bn (BatchN (None, 120, 24, 24)  480         dense_0_0_bottleneck_conv2D[0][0]
__________________________________________________________________________________________________
activation_3 (Activation)       (None, 120, 24, 24)  0           dense_0_0_bottleneck_bn[0][0]    
__________________________________________________________________________________________________
dense_0_0_conv2D (Conv2D)       (None, 30, 24, 24)   32400       activation_3[0][0]               
__________________________________________________________________________________________________
dropout_1 (Dropout)             (None, 30, 24, 24)   0           dense_0_0_conv2D[0][0]           
__________________________________________________________________________________________________
concatenate_1 (Concatenate)     (None, 46, 24, 24)   0           max_pooling2d_1[0][0]            
                                                                 dropout_1[0][0]                  
__________________________________________________________________________________________________
dense_0_1_bn (BatchNormalizatio (None, 46, 24, 24)   184         concatenate_1[0][0]              
__________________________________________________________________________________________________
activation_4 (Activation)       (None, 46, 24, 24)   0           dense_0_1_bn[0][0]               
__________________________________________________________________________________________________
dense_0_1_bottleneck_conv2D (Co (None, 120, 24, 24)  5520        activation_4[0][0]               
__________________________________________________________________________________________________
dense_0_1_bottleneck_bn (BatchN (None, 120, 24, 24)  480         dense_0_1_bottleneck_conv2D[0][0]
__________________________________________________________________________________________________
activation_5 (Activation)       (None, 120, 24, 24)  0           dense_0_1_bottleneck_bn[0][0]    
__________________________________________________________________________________________________
dense_0_1_conv2D (Conv2D)       (None, 30, 24, 24)   32400       activation_5[0][0]               
__________________________________________________________________________________________________
dropout_2 (Dropout)             (None, 30, 24, 24)   0           dense_0_1_conv2D[0][0]           
__________________________________________________________________________________________________
concatenate_2 (Concatenate)     (None, 76, 24, 24)   0           concatenate_1[0][0]              
                                                                 dropout_2[0][0]                  
__________________________________________________________________________________________________
tr_0_bn (BatchNormalization)    (None, 76, 24, 24)   304         concatenate_2[0][0]              
__________________________________________________________________________________________________
activation_6 (Activation)       (None, 76, 24, 24)   0           tr_0_bn[0][0]                    
__________________________________________________________________________________________________
tr_0_conv2D (Conv2D)            (None, 38, 24, 24)   2888        activation_6[0][0]               
__________________________________________________________________________________________________
max_pooling2d_2 (MaxPooling2D)  (None, 38, 12, 12)   0           tr_0_conv2D[0][0]                
__________________________________________________________________________________________________
dense_1_0_bn (BatchNormalizatio (None, 38, 12, 12)   152         max_pooling2d_2[0][0]            
__________________________________________________________________________________________________
activation_7 (Activation)       (None, 38, 12, 12)   0           dense_1_0_bn[0][0]               
__________________________________________________________________________________________________
dense_1_0_bottleneck_conv2D (Co (None, 120, 12, 12)  4560        activation_7[0][0]               
__________________________________________________________________________________________________
dense_1_0_bottleneck_bn (BatchN (None, 120, 12, 12)  480         dense_1_0_bottleneck_conv2D[0][0]
__________________________________________________________________________________________________
activation_8 (Activation)       (None, 120, 12, 12)  0           dense_1_0_bottleneck_bn[0][0]    
__________________________________________________________________________________________________
dense_1_0_conv2D (Conv2D)       (None, 30, 12, 12)   32400       activation_8[0][0]               
__________________________________________________________________________________________________
dropout_3 (Dropout)             (None, 30, 12, 12)   0           dense_1_0_conv2D[0][0]           
__________________________________________________________________________________________________
concatenate_3 (Concatenate)     (None, 68, 12, 12)   0           max_pooling2d_2[0][0]            
                                                                 dropout_3[0][0]                  
__________________________________________________________________________________________________
dense_1_1_bn (BatchNormalizatio (None, 68, 12, 12)   272         concatenate_3[0][0]              
__________________________________________________________________________________________________
activation_9 (Activation)       (None, 68, 12, 12)   0           dense_1_1_bn[0][0]               
__________________________________________________________________________________________________
dense_1_1_bottleneck_conv2D (Co (None, 120, 12, 12)  8160        activation_9[0][0]               
__________________________________________________________________________________________________
dense_1_1_bottleneck_bn (BatchN (None, 120, 12, 12)  480         dense_1_1_bottleneck_conv2D[0][0]
__________________________________________________________________________________________________
activation_10 (Activation)      (None, 120, 12, 12)  0           dense_1_1_bottleneck_bn[0][0]    
__________________________________________________________________________________________________
dense_1_1_conv2D (Conv2D)       (None, 30, 12, 12)   32400       activation_10[0][0]              
__________________________________________________________________________________________________
dropout_4 (Dropout)             (None, 30, 12, 12)   0           dense_1_1_conv2D[0][0]           
__________________________________________________________________________________________________
concatenate_4 (Concatenate)     (None, 98, 12, 12)   0           concatenate_3[0][0]              
                                                                 dropout_4[0][0]                  
__________________________________________________________________________________________________
final_bn (BatchNormalization)   (None, 98, 12, 12)   392         concatenate_4[0][0]              
__________________________________________________________________________________________________
activation_11 (Activation)      (None, 98, 12, 12)   0           final_bn[0][0]                   
__________________________________________________________________________________________________
flatten_1 (Flatten)             (None, 14112)        0           activation_11[0][0]              
==================================================================================================
Total params: 156,784
Trainable params: 155,108
Non-trainable params: 1,676
__________________________________________________________________________________________________
__________________________________________________________________________________________________
Layer (type)                    Output Shape         Param #     Connected to                     
==================================================================================================
input_2 (InputLayer)            (None, 1, 96, 96)    0                                            
__________________________________________________________________________________________________
input_3 (InputLayer)            (None, 1, 96, 96)    0                                            
__________________________________________________________________________________________________
densenet (Model)                (None, 14112)        156784      input_2[0][0]                    
                                                                 input_3[0][0]                    
__________________________________________________________________________________________________
merge_features (Concatenate)    (None, 28224)        0           densenet[1][0]                   
                                                                 densenet[2][0]                   
__________________________________________________________________________________________________
dense_1 (Dense)                 (None, 512)          14451200    merge_features[0][0]             
__________________________________________________________________________________________________
activation_12 (Activation)      (None, 512)          0           dense_1[0][0]                    
__________________________________________________________________________________________________
batch_normalization_1 (BatchNor (None, 512)          2048        activation_12[0][0]              
__________________________________________________________________________________________________
dropout_5 (Dropout)             (None, 512)          0           batch_normalization_1[0][0]      
__________________________________________________________________________________________________
dense_2 (Dense)                 (None, 1)            513         dropout_5[0][0]                  
==================================================================================================
Total params: 14,610,545
Trainable params: 14,607,845
Non-trainable params: 2,700
__________________________________________________________________________________________________
Finished compiling
Train on 31872 samples, validate on 7968 samples
Epoch 1/6
 - 67s - loss: 0.5115 - acc: 0.8185 - val_loss: 2.7809 - val_acc: 0.5050

Epoch 00001: val_loss improved from inf to 2.78086, saving model to keras_densenet_siamese_27Oct_1550_weights.h5
Epoch 2/6
 - 62s - loss: 0.2886 - acc: 0.9264 - val_loss: 2.9611 - val_acc: 0.5134

Epoch 00002: val_loss did not improve from 2.78086
Epoch 3/6
 - 63s - loss: 0.2180 - acc: 0.9576 - val_loss: 1.4658 - val_acc: 0.5974

Epoch 00003: val_loss improved from 2.78086 to 1.46579, saving model to keras_densenet_siamese_27Oct_1550_weights.h5
Epoch 4/6
 - 63s - loss: 0.1850 - acc: 0.9677 - val_loss: 1.4640 - val_acc: 0.6392

Epoch 00004: val_loss improved from 1.46579 to 1.46399, saving model to keras_densenet_siamese_27Oct_1550_weights.h5
Epoch 5/6
 - 62s - loss: 0.1676 - acc: 0.9730 - val_loss: 0.5143 - val_acc: 0.8397

Epoch 00005: val_loss improved from 1.46399 to 0.51431, saving model to keras_densenet_siamese_27Oct_1550_weights.h5
Epoch 6/6
 - 63s - loss: 0.1690 - acc: 0.9708 - val_loss: 0.1435 - val_acc: 0.9808

Epoch 00006: val_loss improved from 0.51431 to 0.14352, saving model to keras_densenet_siamese_27Oct_1550_weights.h5
