python keras_densenet_siamese.py
python keras_densenet_simple.py
Gpus in the use 4
__________________________________________________________________________________________________
Layer (type)                    Output Shape         Param #     Connected to                     
==================================================================================================
input_1 (InputLayer)            (None, 2, 96, 96)    0                                            
__________________________________________________________________________________________________
initial_conv2D (Conv2D)         (None, 18, 96, 96)   324         input_1[0][0]                    
__________________________________________________________________________________________________
dense_0_0_bn (BatchNormalizatio (None, 18, 96, 96)   72          initial_conv2D[0][0]             
__________________________________________________________________________________________________
activation_1 (Activation)       (None, 18, 96, 96)   0           dense_0_0_bn[0][0]               
__________________________________________________________________________________________________
dense_0_0_bottleneck_conv2D (Co (None, 144, 96, 96)  2592        activation_1[0][0]               
__________________________________________________________________________________________________
dense_0_0_bottleneck_bn (BatchN (None, 144, 96, 96)  576         dense_0_0_bottleneck_conv2D[0][0]
__________________________________________________________________________________________________
activation_2 (Activation)       (None, 144, 96, 96)  0           dense_0_0_bottleneck_bn[0][0]    
__________________________________________________________________________________________________
dense_0_0_conv2D (Conv2D)       (None, 36, 96, 96)   46656       activation_2[0][0]               
__________________________________________________________________________________________________
concatenate_1 (Concatenate)     (None, 54, 96, 96)   0           initial_conv2D[0][0]             
                                                                 dense_0_0_conv2D[0][0]           
__________________________________________________________________________________________________
dense_0_1_bn (BatchNormalizatio (None, 54, 96, 96)   216         concatenate_1[0][0]              
__________________________________________________________________________________________________
activation_3 (Activation)       (None, 54, 96, 96)   0           dense_0_1_bn[0][0]               
__________________________________________________________________________________________________
dense_0_1_bottleneck_conv2D (Co (None, 144, 96, 96)  7776        activation_3[0][0]               
__________________________________________________________________________________________________
dense_0_1_bottleneck_bn (BatchN (None, 144, 96, 96)  576         dense_0_1_bottleneck_conv2D[0][0]
__________________________________________________________________________________________________
activation_4 (Activation)       (None, 144, 96, 96)  0           dense_0_1_bottleneck_bn[0][0]    
__________________________________________________________________________________________________
dense_0_1_conv2D (Conv2D)       (None, 36, 96, 96)   46656       activation_4[0][0]               
__________________________________________________________________________________________________
concatenate_2 (Concatenate)     (None, 90, 96, 96)   0           concatenate_1[0][0]              
                                                                 dense_0_1_conv2D[0][0]           
__________________________________________________________________________________________________
dense_0_2_bn (BatchNormalizatio (None, 90, 96, 96)   360         concatenate_2[0][0]              
__________________________________________________________________________________________________
activation_5 (Activation)       (None, 90, 96, 96)   0           dense_0_2_bn[0][0]               
__________________________________________________________________________________________________
dense_0_2_bottleneck_conv2D (Co (None, 144, 96, 96)  12960       activation_5[0][0]               
__________________________________________________________________________________________________
dense_0_2_bottleneck_bn (BatchN (None, 144, 96, 96)  576         dense_0_2_bottleneck_conv2D[0][0]
__________________________________________________________________________________________________
activation_6 (Activation)       (None, 144, 96, 96)  0           dense_0_2_bottleneck_bn[0][0]    
__________________________________________________________________________________________________
dense_0_2_conv2D (Conv2D)       (None, 36, 96, 96)   46656       activation_6[0][0]               
__________________________________________________________________________________________________
concatenate_3 (Concatenate)     (None, 126, 96, 96)  0           concatenate_2[0][0]              
                                                                 dense_0_2_conv2D[0][0]           
__________________________________________________________________________________________________
dense_0_3_bn (BatchNormalizatio (None, 126, 96, 96)  504         concatenate_3[0][0]              
__________________________________________________________________________________________________
activation_7 (Activation)       (None, 126, 96, 96)  0           dense_0_3_bn[0][0]               
__________________________________________________________________________________________________
dense_0_3_bottleneck_conv2D (Co (None, 144, 96, 96)  18144       activation_7[0][0]               
__________________________________________________________________________________________________
dense_0_3_bottleneck_bn (BatchN (None, 144, 96, 96)  576         dense_0_3_bottleneck_conv2D[0][0]
__________________________________________________________________________________________________
activation_8 (Activation)       (None, 144, 96, 96)  0           dense_0_3_bottleneck_bn[0][0]    
__________________________________________________________________________________________________
dense_0_3_conv2D (Conv2D)       (None, 36, 96, 96)   46656       activation_8[0][0]               
__________________________________________________________________________________________________
concatenate_4 (Concatenate)     (None, 162, 96, 96)  0           concatenate_3[0][0]              
                                                                 dense_0_3_conv2D[0][0]           
__________________________________________________________________________________________________
dense_0_4_bn (BatchNormalizatio (None, 162, 96, 96)  648         concatenate_4[0][0]              
__________________________________________________________________________________________________
activation_9 (Activation)       (None, 162, 96, 96)  0           dense_0_4_bn[0][0]               
__________________________________________________________________________________________________
dense_0_4_bottleneck_conv2D (Co (None, 144, 96, 96)  23328       activation_9[0][0]               
__________________________________________________________________________________________________
dense_0_4_bottleneck_bn (BatchN (None, 144, 96, 96)  576         dense_0_4_bottleneck_conv2D[0][0]
__________________________________________________________________________________________________
activation_10 (Activation)      (None, 144, 96, 96)  0           dense_0_4_bottleneck_bn[0][0]    
__________________________________________________________________________________________________
dense_0_4_conv2D (Conv2D)       (None, 36, 96, 96)   46656       activation_10[0][0]              
__________________________________________________________________________________________________
concatenate_5 (Concatenate)     (None, 198, 96, 96)  0           concatenate_4[0][0]              
                                                                 dense_0_4_conv2D[0][0]           
__________________________________________________________________________________________________
tr_0_bn (BatchNormalization)    (None, 198, 96, 96)  792         concatenate_5[0][0]              
__________________________________________________________________________________________________
activation_11 (Activation)      (None, 198, 96, 96)  0           tr_0_bn[0][0]                    
__________________________________________________________________________________________________
tr_0_conv2D (Conv2D)            (None, 99, 96, 96)   19602       activation_11[0][0]              
__________________________________________________________________________________________________
average_pooling2d_1 (AveragePoo (None, 99, 48, 48)   0           tr_0_conv2D[0][0]                
__________________________________________________________________________________________________
dense_1_0_bn (BatchNormalizatio (None, 99, 48, 48)   396         average_pooling2d_1[0][0]        
__________________________________________________________________________________________________
activation_12 (Activation)      (None, 99, 48, 48)   0           dense_1_0_bn[0][0]               
__________________________________________________________________________________________________
dense_1_0_bottleneck_conv2D (Co (None, 144, 48, 48)  14256       activation_12[0][0]              
__________________________________________________________________________________________________
dense_1_0_bottleneck_bn (BatchN (None, 144, 48, 48)  576         dense_1_0_bottleneck_conv2D[0][0]
__________________________________________________________________________________________________
activation_13 (Activation)      (None, 144, 48, 48)  0           dense_1_0_bottleneck_bn[0][0]    
__________________________________________________________________________________________________
dense_1_0_conv2D (Conv2D)       (None, 36, 48, 48)   46656       activation_13[0][0]              
__________________________________________________________________________________________________
concatenate_6 (Concatenate)     (None, 135, 48, 48)  0           average_pooling2d_1[0][0]        
                                                                 dense_1_0_conv2D[0][0]           
__________________________________________________________________________________________________
dense_1_1_bn (BatchNormalizatio (None, 135, 48, 48)  540         concatenate_6[0][0]              
__________________________________________________________________________________________________
activation_14 (Activation)      (None, 135, 48, 48)  0           dense_1_1_bn[0][0]               
__________________________________________________________________________________________________
dense_1_1_bottleneck_conv2D (Co (None, 144, 48, 48)  19440       activation_14[0][0]              
__________________________________________________________________________________________________
dense_1_1_bottleneck_bn (BatchN (None, 144, 48, 48)  576         dense_1_1_bottleneck_conv2D[0][0]
__________________________________________________________________________________________________
activation_15 (Activation)      (None, 144, 48, 48)  0           dense_1_1_bottleneck_bn[0][0]    
__________________________________________________________________________________________________
dense_1_1_conv2D (Conv2D)       (None, 36, 48, 48)   46656       activation_15[0][0]              
__________________________________________________________________________________________________
concatenate_7 (Concatenate)     (None, 171, 48, 48)  0           concatenate_6[0][0]              
                                                                 dense_1_1_conv2D[0][0]           
__________________________________________________________________________________________________
dense_1_2_bn (BatchNormalizatio (None, 171, 48, 48)  684         concatenate_7[0][0]              
__________________________________________________________________________________________________
activation_16 (Activation)      (None, 171, 48, 48)  0           dense_1_2_bn[0][0]               
__________________________________________________________________________________________________
dense_1_2_bottleneck_conv2D (Co (None, 144, 48, 48)  24624       activation_16[0][0]              
__________________________________________________________________________________________________
dense_1_2_bottleneck_bn (BatchN (None, 144, 48, 48)  576         dense_1_2_bottleneck_conv2D[0][0]
__________________________________________________________________________________________________
activation_17 (Activation)      (None, 144, 48, 48)  0           dense_1_2_bottleneck_bn[0][0]    
__________________________________________________________________________________________________
dense_1_2_conv2D (Conv2D)       (None, 36, 48, 48)   46656       activation_17[0][0]              
__________________________________________________________________________________________________
concatenate_8 (Concatenate)     (None, 207, 48, 48)  0           concatenate_7[0][0]              
                                                                 dense_1_2_conv2D[0][0]           
__________________________________________________________________________________________________
dense_1_3_bn (BatchNormalizatio (None, 207, 48, 48)  828         concatenate_8[0][0]              
__________________________________________________________________________________________________
activation_18 (Activation)      (None, 207, 48, 48)  0           dense_1_3_bn[0][0]               
__________________________________________________________________________________________________
dense_1_3_bottleneck_conv2D (Co (None, 144, 48, 48)  29808       activation_18[0][0]              
__________________________________________________________________________________________________
dense_1_3_bottleneck_bn (BatchN (None, 144, 48, 48)  576         dense_1_3_bottleneck_conv2D[0][0]
__________________________________________________________________________________________________
activation_19 (Activation)      (None, 144, 48, 48)  0           dense_1_3_bottleneck_bn[0][0]    
__________________________________________________________________________________________________
dense_1_3_conv2D (Conv2D)       (None, 36, 48, 48)   46656       activation_19[0][0]              
__________________________________________________________________________________________________
concatenate_9 (Concatenate)     (None, 243, 48, 48)  0           concatenate_8[0][0]              
                                                                 dense_1_3_conv2D[0][0]           
__________________________________________________________________________________________________
dense_1_4_bn (BatchNormalizatio (None, 243, 48, 48)  972         concatenate_9[0][0]              
__________________________________________________________________________________________________
activation_20 (Activation)      (None, 243, 48, 48)  0           dense_1_4_bn[0][0]               
__________________________________________________________________________________________________
dense_1_4_bottleneck_conv2D (Co (None, 144, 48, 48)  34992       activation_20[0][0]              
__________________________________________________________________________________________________
dense_1_4_bottleneck_bn (BatchN (None, 144, 48, 48)  576         dense_1_4_bottleneck_conv2D[0][0]
__________________________________________________________________________________________________
activation_21 (Activation)      (None, 144, 48, 48)  0           dense_1_4_bottleneck_bn[0][0]    
__________________________________________________________________________________________________
dense_1_4_conv2D (Conv2D)       (None, 36, 48, 48)   46656       activation_21[0][0]              
__________________________________________________________________________________________________
concatenate_10 (Concatenate)    (None, 279, 48, 48)  0           concatenate_9[0][0]              
                                                                 dense_1_4_conv2D[0][0]           
__________________________________________________________________________________________________
tr_1_bn (BatchNormalization)    (None, 279, 48, 48)  1116        concatenate_10[0][0]             
__________________________________________________________________________________________________
activation_22 (Activation)      (None, 279, 48, 48)  0           tr_1_bn[0][0]                    
__________________________________________________________________________________________________
tr_1_conv2D (Conv2D)            (None, 139, 48, 48)  38781       activation_22[0][0]              
__________________________________________________________________________________________________
average_pooling2d_2 (AveragePoo (None, 139, 24, 24)  0           tr_1_conv2D[0][0]                
__________________________________________________________________________________________________
dense_2_0_bn (BatchNormalizatio (None, 139, 24, 24)  556         average_pooling2d_2[0][0]        
__________________________________________________________________________________________________
activation_23 (Activation)      (None, 139, 24, 24)  0           dense_2_0_bn[0][0]               
__________________________________________________________________________________________________
dense_2_0_bottleneck_conv2D (Co (None, 144, 24, 24)  20016       activation_23[0][0]              
__________________________________________________________________________________________________
dense_2_0_bottleneck_bn (BatchN (None, 144, 24, 24)  576         dense_2_0_bottleneck_conv2D[0][0]
__________________________________________________________________________________________________
activation_24 (Activation)      (None, 144, 24, 24)  0           dense_2_0_bottleneck_bn[0][0]    
__________________________________________________________________________________________________
dense_2_0_conv2D (Conv2D)       (None, 36, 24, 24)   46656       activation_24[0][0]              
__________________________________________________________________________________________________
concatenate_11 (Concatenate)    (None, 175, 24, 24)  0           average_pooling2d_2[0][0]        
                                                                 dense_2_0_conv2D[0][0]           
__________________________________________________________________________________________________
dense_2_1_bn (BatchNormalizatio (None, 175, 24, 24)  700         concatenate_11[0][0]             
__________________________________________________________________________________________________
activation_25 (Activation)      (None, 175, 24, 24)  0           dense_2_1_bn[0][0]               
__________________________________________________________________________________________________
dense_2_1_bottleneck_conv2D (Co (None, 144, 24, 24)  25200       activation_25[0][0]              
__________________________________________________________________________________________________
dense_2_1_bottleneck_bn (BatchN (None, 144, 24, 24)  576         dense_2_1_bottleneck_conv2D[0][0]
__________________________________________________________________________________________________
activation_26 (Activation)      (None, 144, 24, 24)  0           dense_2_1_bottleneck_bn[0][0]    
__________________________________________________________________________________________________
dense_2_1_conv2D (Conv2D)       (None, 36, 24, 24)   46656       activation_26[0][0]              
__________________________________________________________________________________________________
concatenate_12 (Concatenate)    (None, 211, 24, 24)  0           concatenate_11[0][0]             
                                                                 dense_2_1_conv2D[0][0]           
__________________________________________________________________________________________________
dense_2_2_bn (BatchNormalizatio (None, 211, 24, 24)  844         concatenate_12[0][0]             
__________________________________________________________________________________________________
activation_27 (Activation)      (None, 211, 24, 24)  0           dense_2_2_bn[0][0]               
__________________________________________________________________________________________________
dense_2_2_bottleneck_conv2D (Co (None, 144, 24, 24)  30384       activation_27[0][0]              
__________________________________________________________________________________________________
dense_2_2_bottleneck_bn (BatchN (None, 144, 24, 24)  576         dense_2_2_bottleneck_conv2D[0][0]
__________________________________________________________________________________________________
activation_28 (Activation)      (None, 144, 24, 24)  0           dense_2_2_bottleneck_bn[0][0]    
__________________________________________________________________________________________________
dense_2_2_conv2D (Conv2D)       (None, 36, 24, 24)   46656       activation_28[0][0]              
__________________________________________________________________________________________________
concatenate_13 (Concatenate)    (None, 247, 24, 24)  0           concatenate_12[0][0]             
                                                                 dense_2_2_conv2D[0][0]           
__________________________________________________________________________________________________
dense_2_3_bn (BatchNormalizatio (None, 247, 24, 24)  988         concatenate_13[0][0]             
__________________________________________________________________________________________________
activation_29 (Activation)      (None, 247, 24, 24)  0           dense_2_3_bn[0][0]               
__________________________________________________________________________________________________
dense_2_3_bottleneck_conv2D (Co (None, 144, 24, 24)  35568       activation_29[0][0]              
__________________________________________________________________________________________________
dense_2_3_bottleneck_bn (BatchN (None, 144, 24, 24)  576         dense_2_3_bottleneck_conv2D[0][0]
__________________________________________________________________________________________________
activation_30 (Activation)      (None, 144, 24, 24)  0           dense_2_3_bottleneck_bn[0][0]    
__________________________________________________________________________________________________
dense_2_3_conv2D (Conv2D)       (None, 36, 24, 24)   46656       activation_30[0][0]              
__________________________________________________________________________________________________
concatenate_14 (Concatenate)    (None, 283, 24, 24)  0           concatenate_13[0][0]             
                                                                 dense_2_3_conv2D[0][0]           
__________________________________________________________________________________________________
dense_2_4_bn (BatchNormalizatio (None, 283, 24, 24)  1132        concatenate_14[0][0]             
__________________________________________________________________________________________________
activation_31 (Activation)      (None, 283, 24, 24)  0           dense_2_4_bn[0][0]               
__________________________________________________________________________________________________
dense_2_4_bottleneck_conv2D (Co (None, 144, 24, 24)  40752       activation_31[0][0]              
__________________________________________________________________________________________________
dense_2_4_bottleneck_bn (BatchN (None, 144, 24, 24)  576         dense_2_4_bottleneck_conv2D[0][0]
__________________________________________________________________________________________________
activation_32 (Activation)      (None, 144, 24, 24)  0           dense_2_4_bottleneck_bn[0][0]    
__________________________________________________________________________________________________
dense_2_4_conv2D (Conv2D)       (None, 36, 24, 24)   46656       activation_32[0][0]              
__________________________________________________________________________________________________
concatenate_15 (Concatenate)    (None, 319, 24, 24)  0           concatenate_14[0][0]             
                                                                 dense_2_4_conv2D[0][0]           
__________________________________________________________________________________________________
tr_2_bn (BatchNormalization)    (None, 319, 24, 24)  1276        concatenate_15[0][0]             
__________________________________________________________________________________________________
activation_33 (Activation)      (None, 319, 24, 24)  0           tr_2_bn[0][0]                    
__________________________________________________________________________________________________
tr_2_conv2D (Conv2D)            (None, 159, 24, 24)  50721       activation_33[0][0]              
__________________________________________________________________________________________________
average_pooling2d_3 (AveragePoo (None, 159, 12, 12)  0           tr_2_conv2D[0][0]                
__________________________________________________________________________________________________
dense_3_0_bn (BatchNormalizatio (None, 159, 12, 12)  636         average_pooling2d_3[0][0]        
__________________________________________________________________________________________________
activation_34 (Activation)      (None, 159, 12, 12)  0           dense_3_0_bn[0][0]               
__________________________________________________________________________________________________
dense_3_0_bottleneck_conv2D (Co (None, 144, 12, 12)  22896       activation_34[0][0]              
__________________________________________________________________________________________________
dense_3_0_bottleneck_bn (BatchN (None, 144, 12, 12)  576         dense_3_0_bottleneck_conv2D[0][0]
__________________________________________________________________________________________________
activation_35 (Activation)      (None, 144, 12, 12)  0           dense_3_0_bottleneck_bn[0][0]    
__________________________________________________________________________________________________
dense_3_0_conv2D (Conv2D)       (None, 36, 12, 12)   46656       activation_35[0][0]              
__________________________________________________________________________________________________
concatenate_16 (Concatenate)    (None, 195, 12, 12)  0           average_pooling2d_3[0][0]        
                                                                 dense_3_0_conv2D[0][0]           
__________________________________________________________________________________________________
dense_3_1_bn (BatchNormalizatio (None, 195, 12, 12)  780         concatenate_16[0][0]             
__________________________________________________________________________________________________
activation_36 (Activation)      (None, 195, 12, 12)  0           dense_3_1_bn[0][0]               
__________________________________________________________________________________________________
dense_3_1_bottleneck_conv2D (Co (None, 144, 12, 12)  28080       activation_36[0][0]              
__________________________________________________________________________________________________
dense_3_1_bottleneck_bn (BatchN (None, 144, 12, 12)  576         dense_3_1_bottleneck_conv2D[0][0]
__________________________________________________________________________________________________
activation_37 (Activation)      (None, 144, 12, 12)  0           dense_3_1_bottleneck_bn[0][0]    
__________________________________________________________________________________________________
dense_3_1_conv2D (Conv2D)       (None, 36, 12, 12)   46656       activation_37[0][0]              
__________________________________________________________________________________________________
concatenate_17 (Concatenate)    (None, 231, 12, 12)  0           concatenate_16[0][0]             
                                                                 dense_3_1_conv2D[0][0]           
__________________________________________________________________________________________________
dense_3_2_bn (BatchNormalizatio (None, 231, 12, 12)  924         concatenate_17[0][0]             
__________________________________________________________________________________________________
activation_38 (Activation)      (None, 231, 12, 12)  0           dense_3_2_bn[0][0]               
__________________________________________________________________________________________________
dense_3_2_bottleneck_conv2D (Co (None, 144, 12, 12)  33264       activation_38[0][0]              
__________________________________________________________________________________________________
dense_3_2_bottleneck_bn (BatchN (None, 144, 12, 12)  576         dense_3_2_bottleneck_conv2D[0][0]
__________________________________________________________________________________________________
activation_39 (Activation)      (None, 144, 12, 12)  0           dense_3_2_bottleneck_bn[0][0]    
__________________________________________________________________________________________________
dense_3_2_conv2D (Conv2D)       (None, 36, 12, 12)   46656       activation_39[0][0]              
__________________________________________________________________________________________________
concatenate_18 (Concatenate)    (None, 267, 12, 12)  0           concatenate_17[0][0]             
                                                                 dense_3_2_conv2D[0][0]           
__________________________________________________________________________________________________
dense_3_3_bn (BatchNormalizatio (None, 267, 12, 12)  1068        concatenate_18[0][0]             
__________________________________________________________________________________________________
activation_40 (Activation)      (None, 267, 12, 12)  0           dense_3_3_bn[0][0]               
__________________________________________________________________________________________________
dense_3_3_bottleneck_conv2D (Co (None, 144, 12, 12)  38448       activation_40[0][0]              
__________________________________________________________________________________________________
dense_3_3_bottleneck_bn (BatchN (None, 144, 12, 12)  576         dense_3_3_bottleneck_conv2D[0][0]
__________________________________________________________________________________________________
activation_41 (Activation)      (None, 144, 12, 12)  0           dense_3_3_bottleneck_bn[0][0]    
__________________________________________________________________________________________________
dense_3_3_conv2D (Conv2D)       (None, 36, 12, 12)   46656       activation_41[0][0]              
__________________________________________________________________________________________________
concatenate_19 (Concatenate)    (None, 303, 12, 12)  0           concatenate_18[0][0]             
                                                                 dense_3_3_conv2D[0][0]           
__________________________________________________________________________________________________
dense_3_4_bn (BatchNormalizatio (None, 303, 12, 12)  1212        concatenate_19[0][0]             
__________________________________________________________________________________________________
activation_42 (Activation)      (None, 303, 12, 12)  0           dense_3_4_bn[0][0]               
__________________________________________________________________________________________________
dense_3_4_bottleneck_conv2D (Co (None, 144, 12, 12)  43632       activation_42[0][0]              
__________________________________________________________________________________________________
dense_3_4_bottleneck_bn (BatchN (None, 144, 12, 12)  576         dense_3_4_bottleneck_conv2D[0][0]
__________________________________________________________________________________________________
activation_43 (Activation)      (None, 144, 12, 12)  0           dense_3_4_bottleneck_bn[0][0]    
__________________________________________________________________________________________________
dense_3_4_conv2D (Conv2D)       (None, 36, 12, 12)   46656       activation_43[0][0]              
__________________________________________________________________________________________________
concatenate_20 (Concatenate)    (None, 339, 12, 12)  0           concatenate_19[0][0]             
                                                                 dense_3_4_conv2D[0][0]           
__________________________________________________________________________________________________
tr_3_bn (BatchNormalization)    (None, 339, 12, 12)  1356        concatenate_20[0][0]             
__________________________________________________________________________________________________
activation_44 (Activation)      (None, 339, 12, 12)  0           tr_3_bn[0][0]                    
__________________________________________________________________________________________________
tr_3_conv2D (Conv2D)            (None, 169, 12, 12)  57291       activation_44[0][0]              
__________________________________________________________________________________________________
average_pooling2d_4 (AveragePoo (None, 169, 6, 6)    0           tr_3_conv2D[0][0]                
__________________________________________________________________________________________________
dense_4_0_bn (BatchNormalizatio (None, 169, 6, 6)    676         average_pooling2d_4[0][0]        
__________________________________________________________________________________________________
activation_45 (Activation)      (None, 169, 6, 6)    0           dense_4_0_bn[0][0]               
__________________________________________________________________________________________________
dense_4_0_bottleneck_conv2D (Co (None, 144, 6, 6)    24336       activation_45[0][0]              
__________________________________________________________________________________________________
dense_4_0_bottleneck_bn (BatchN (None, 144, 6, 6)    576         dense_4_0_bottleneck_conv2D[0][0]
__________________________________________________________________________________________________
activation_46 (Activation)      (None, 144, 6, 6)    0           dense_4_0_bottleneck_bn[0][0]    
__________________________________________________________________________________________________
dense_4_0_conv2D (Conv2D)       (None, 36, 6, 6)     46656       activation_46[0][0]              
__________________________________________________________________________________________________
concatenate_21 (Concatenate)    (None, 205, 6, 6)    0           average_pooling2d_4[0][0]        
                                                                 dense_4_0_conv2D[0][0]           
__________________________________________________________________________________________________
dense_4_1_bn (BatchNormalizatio (None, 205, 6, 6)    820         concatenate_21[0][0]             
__________________________________________________________________________________________________
activation_47 (Activation)      (None, 205, 6, 6)    0           dense_4_1_bn[0][0]               
__________________________________________________________________________________________________
dense_4_1_bottleneck_conv2D (Co (None, 144, 6, 6)    29520       activation_47[0][0]              
__________________________________________________________________________________________________
dense_4_1_bottleneck_bn (BatchN (None, 144, 6, 6)    576         dense_4_1_bottleneck_conv2D[0][0]
__________________________________________________________________________________________________
activation_48 (Activation)      (None, 144, 6, 6)    0           dense_4_1_bottleneck_bn[0][0]    
__________________________________________________________________________________________________
dense_4_1_conv2D (Conv2D)       (None, 36, 6, 6)     46656       activation_48[0][0]              
__________________________________________________________________________________________________
concatenate_22 (Concatenate)    (None, 241, 6, 6)    0           concatenate_21[0][0]             
                                                                 dense_4_1_conv2D[0][0]           
__________________________________________________________________________________________________
dense_4_2_bn (BatchNormalizatio (None, 241, 6, 6)    964         concatenate_22[0][0]             
__________________________________________________________________________________________________
activation_49 (Activation)      (None, 241, 6, 6)    0           dense_4_2_bn[0][0]               
__________________________________________________________________________________________________
dense_4_2_bottleneck_conv2D (Co (None, 144, 6, 6)    34704       activation_49[0][0]              
__________________________________________________________________________________________________
dense_4_2_bottleneck_bn (BatchN (None, 144, 6, 6)    576         dense_4_2_bottleneck_conv2D[0][0]
__________________________________________________________________________________________________
activation_50 (Activation)      (None, 144, 6, 6)    0           dense_4_2_bottleneck_bn[0][0]    
__________________________________________________________________________________________________
dense_4_2_conv2D (Conv2D)       (None, 36, 6, 6)     46656       activation_50[0][0]              
__________________________________________________________________________________________________
concatenate_23 (Concatenate)    (None, 277, 6, 6)    0           concatenate_22[0][0]             
                                                                 dense_4_2_conv2D[0][0]           
__________________________________________________________________________________________________
dense_4_3_bn (BatchNormalizatio (None, 277, 6, 6)    1108        concatenate_23[0][0]             
__________________________________________________________________________________________________
activation_51 (Activation)      (None, 277, 6, 6)    0           dense_4_3_bn[0][0]               
__________________________________________________________________________________________________
dense_4_3_bottleneck_conv2D (Co (None, 144, 6, 6)    39888       activation_51[0][0]              
__________________________________________________________________________________________________
dense_4_3_bottleneck_bn (BatchN (None, 144, 6, 6)    576         dense_4_3_bottleneck_conv2D[0][0]
__________________________________________________________________________________________________
activation_52 (Activation)      (None, 144, 6, 6)    0           dense_4_3_bottleneck_bn[0][0]    
__________________________________________________________________________________________________
dense_4_3_conv2D (Conv2D)       (None, 36, 6, 6)     46656       activation_52[0][0]              
__________________________________________________________________________________________________
concatenate_24 (Concatenate)    (None, 313, 6, 6)    0           concatenate_23[0][0]             
                                                                 dense_4_3_conv2D[0][0]           
__________________________________________________________________________________________________
dense_4_4_bn (BatchNormalizatio (None, 313, 6, 6)    1252        concatenate_24[0][0]             
__________________________________________________________________________________________________
activation_53 (Activation)      (None, 313, 6, 6)    0           dense_4_4_bn[0][0]               
__________________________________________________________________________________________________
dense_4_4_bottleneck_conv2D (Co (None, 144, 6, 6)    45072       activation_53[0][0]              
__________________________________________________________________________________________________
dense_4_4_bottleneck_bn (BatchN (None, 144, 6, 6)    576         dense_4_4_bottleneck_conv2D[0][0]
__________________________________________________________________________________________________
activation_54 (Activation)      (None, 144, 6, 6)    0           dense_4_4_bottleneck_bn[0][0]    
__________________________________________________________________________________________________
dense_4_4_conv2D (Conv2D)       (None, 36, 6, 6)     46656       activation_54[0][0]              
__________________________________________________________________________________________________
concatenate_25 (Concatenate)    (None, 349, 6, 6)    0           concatenate_24[0][0]             
                                                                 dense_4_4_conv2D[0][0]           
__________________________________________________________________________________________________
final_bn (BatchNormalization)   (None, 349, 6, 6)    1396        concatenate_25[0][0]             
__________________________________________________________________________________________________
activation_55 (Activation)      (None, 349, 6, 6)    0           final_bn[0][0]                   
__________________________________________________________________________________________________
global_average_pooling2d_1 (Glo (None, 349)          0           activation_55[0][0]              
__________________________________________________________________________________________________
dense_1 (Dense)                 (None, 1)            350         global_average_pooling2d_1[0][0] 
==================================================================================================
Total params: 2,052,365
Trainable params: 2,032,757
Non-trainable params: 19,608
__________________________________________________________________________________________________
Train on 39840 samples, validate on 7440 samples
Epoch 1/5
 - 107s - loss: 4.9042 - acc: 0.6237 - val_loss: 2.0097 - val_acc: 0.5000

Epoch 00001: val_loss improved from inf to 2.00972, saving model to keras_densenet_simple_wt_30Sept.h5
Epoch 2/5
 - 67s - loss: 1.5934 - acc: 0.7016 - val_loss: 1.4299 - val_acc: 0.5000

Epoch 00002: val_loss improved from 2.00972 to 1.42988, saving model to keras_densenet_simple_wt_30Sept.h5
Epoch 3/5
 - 67s - loss: 0.9496 - acc: 0.7354 - val_loss: 1.0678 - val_acc: 0.5802

Epoch 00003: val_loss improved from 1.42988 to 1.06783, saving model to keras_densenet_simple_wt_30Sept.h5
Epoch 4/5
 - 66s - loss: 0.8036 - acc: 0.7563 - val_loss: 2.0014 - val_acc: 0.5000

Epoch 00004: val_loss did not improve from 1.06783
Epoch 5/5
 - 66s - loss: 0.6040 - acc: 0.7735 - val_loss: 5.4021 - val_acc: 0.5000

Epoch 00005: val_loss did not improve from 1.06783

  32/7440 [..............................] - ETA: 1:06
  64/7440 [..............................] - ETA: 39s 
 128/7440 [..............................] - ETA: 24s
 192/7440 [..............................] - ETA: 19s
 256/7440 [>.............................] - ETA: 17s
 320/7440 [>.............................] - ETA: 15s
 384/7440 [>.............................] - ETA: 14s
 416/7440 [>.............................] - ETA: 14s
 480/7440 [>.............................] - ETA: 13s
 544/7440 [=>............................] - ETA: 13s
 608/7440 [=>............................] - ETA: 12s
 672/7440 [=>............................] - ETA: 12s
 736/7440 [=>............................] - ETA: 12s
 800/7440 [==>...........................] - ETA: 11s
 864/7440 [==>...........................] - ETA: 11s
 896/7440 [==>...........................] - ETA: 11s
 960/7440 [==>...........................] - ETA: 11s
1024/7440 [===>..........................] - ETA: 10s
1088/7440 [===>..........................] - ETA: 10s
1152/7440 [===>..........................] - ETA: 10s
1216/7440 [===>..........................] - ETA: 10s
1248/7440 [====>.........................] - ETA: 10s
1312/7440 [====>.........................] - ETA: 10s
1376/7440 [====>.........................] - ETA: 9s 
1408/7440 [====>.........................] - ETA: 9s
1472/7440 [====>.........................] - ETA: 9s
1536/7440 [=====>........................] - ETA: 9s
1568/7440 [=====>........................] - ETA: 9s
1632/7440 [=====>........................] - ETA: 9s
1696/7440 [=====>........................] - ETA: 9s
1760/7440 [======>.......................] - ETA: 9s
1792/7440 [======>.......................] - ETA: 9s
1856/7440 [======>.......................] - ETA: 8s
1888/7440 [======>.......................] - ETA: 8s
1952/7440 [======>.......................] - ETA: 8s
2016/7440 [=======>......................] - ETA: 8s
2080/7440 [=======>......................] - ETA: 8s
2144/7440 [=======>......................] - ETA: 8s
2208/7440 [=======>......................] - ETA: 8s
2272/7440 [========>.....................] - ETA: 8s
2336/7440 [========>.....................] - ETA: 8s
2400/7440 [========>.....................] - ETA: 7s
2464/7440 [========>.....................] - ETA: 7s
2528/7440 [=========>....................] - ETA: 7s
2592/7440 [=========>....................] - ETA: 7s
2656/7440 [=========>....................] - ETA: 7s
2720/7440 [=========>....................] - ETA: 7s
2784/7440 [==========>...................] - ETA: 7s
2816/7440 [==========>...................] - ETA: 7s
2880/7440 [==========>...................] - ETA: 7s
2944/7440 [==========>...................] - ETA: 6s
2976/7440 [===========>..................] - ETA: 6s
3040/7440 [===========>..................] - ETA: 6s
3104/7440 [===========>..................] - ETA: 6s
3168/7440 [===========>..................] - ETA: 6s
3232/7440 [============>.................] - ETA: 6s
3296/7440 [============>.................] - ETA: 6s
3360/7440 [============>.................] - ETA: 6s
3424/7440 [============>.................] - ETA: 6s
3488/7440 [=============>................] - ETA: 6s
3552/7440 [=============>................] - ETA: 5s
3616/7440 [=============>................] - ETA: 5s
3680/7440 [=============>................] - ETA: 5s
3712/7440 [=============>................] - ETA: 5s
3744/7440 [==============>...............] - ETA: 5s
3776/7440 [==============>...............] - ETA: 5s
3840/7440 [==============>...............] - ETA: 5s
3872/7440 [==============>...............] - ETA: 5s
3936/7440 [==============>...............] - ETA: 5s
3968/7440 [===============>..............] - ETA: 5s
4032/7440 [===============>..............] - ETA: 5s
4096/7440 [===============>..............] - ETA: 5s
4160/7440 [===============>..............] - ETA: 5s
4224/7440 [================>.............] - ETA: 4s
4288/7440 [================>.............] - ETA: 4s
4320/7440 [================>.............] - ETA: 4s
4384/7440 [================>.............] - ETA: 4s
4448/7440 [================>.............] - ETA: 4s
4512/7440 [=================>............] - ETA: 4s
4544/7440 [=================>............] - ETA: 4s
4576/7440 [=================>............] - ETA: 4s
4608/7440 [=================>............] - ETA: 4s
4672/7440 [=================>............] - ETA: 4s
4736/7440 [==================>...........] - ETA: 4s
4800/7440 [==================>...........] - ETA: 4s
4864/7440 [==================>...........] - ETA: 3s
4928/7440 [==================>...........] - ETA: 3s
4992/7440 [===================>..........] - ETA: 3s
5056/7440 [===================>..........] - ETA: 3s
5120/7440 [===================>..........] - ETA: 3s
5184/7440 [===================>..........] - ETA: 3s
5248/7440 [====================>.........] - ETA: 3s
5312/7440 [====================>.........] - ETA: 3s
5376/7440 [====================>.........] - ETA: 3s
5440/7440 [====================>.........] - ETA: 3s
5504/7440 [=====================>........] - ETA: 2s
5536/7440 [=====================>........] - ETA: 2s
5600/7440 [=====================>........] - ETA: 2s
5664/7440 [=====================>........] - ETA: 2s
5728/7440 [======================>.......] - ETA: 2s
5792/7440 [======================>.......] - ETA: 2s
5856/7440 [======================>.......] - ETA: 2s
5920/7440 [======================>.......] - ETA: 2s
5984/7440 [=======================>......] - ETA: 2s
6048/7440 [=======================>......] - ETA: 2s
6112/7440 [=======================>......] - ETA: 2s
6176/7440 [=======================>......] - ETA: 1s
6240/7440 [========================>.....] - ETA: 1s
6272/7440 [========================>.....] - ETA: 1s
6304/7440 [========================>.....] - ETA: 1s
6368/7440 [========================>.....] - ETA: 1s
6432/7440 [========================>.....] - ETA: 1s
6496/7440 [=========================>....] - ETA: 1s
6560/7440 [=========================>....] - ETA: 1s
6592/7440 [=========================>....] - ETA: 1s
6624/7440 [=========================>....] - ETA: 1s
6688/7440 [=========================>....] - ETA: 1s
6752/7440 [==========================>...] - ETA: 1s
6816/7440 [==========================>...] - ETA: 0s
6880/7440 [==========================>...] - ETA: 0s
6944/7440 [===========================>..] - ETA: 0s
7008/7440 [===========================>..] - ETA: 0s
7040/7440 [===========================>..] - ETA: 0s
7072/7440 [===========================>..] - ETA: 0s
7136/7440 [===========================>..] - ETA: 0s
7200/7440 [============================>.] - ETA: 0s
7264/7440 [============================>.] - ETA: 0s
7328/7440 [============================>.] - ETA: 0s
7392/7440 [============================>.] - ETA: 0s
7440/7440 [==============================] - 11s 2ms/step
current Test accuracy: 0.5
current auc_score ------------------>  0.8896508628165105
[0.89]
0.89 ± 0.0
python hyperas_keras_densenet.py
python evaluate_saved_model_simple.py
