2018-10-01 15:09:47.171382: I tensorflow/core/platform/cpu_feature_guard.cc:141] Your CPU supports instructions that this TensorFlow binary was not compiled to use: SSE4.1 SSE4.2 AVX AVX2 AVX512F FMA
2018-10-01 15:09:50.473707: I tensorflow/core/common_runtime/gpu/gpu_device.cc:1405] Found device 0 with properties: 
name: Tesla V100-SXM2-16GB major: 7 minor: 0 memoryClockRate(GHz): 1.53
pciBusID: 0000:1a:00.0
totalMemory: 15.78GiB freeMemory: 15.37GiB
2018-10-01 15:09:50.797999: I tensorflow/core/common_runtime/gpu/gpu_device.cc:1405] Found device 1 with properties: 
name: Tesla V100-SXM2-16GB major: 7 minor: 0 memoryClockRate(GHz): 1.53
pciBusID: 0000:1c:00.0
totalMemory: 15.78GiB freeMemory: 15.37GiB
2018-10-01 15:09:51.091375: I tensorflow/core/common_runtime/gpu/gpu_device.cc:1405] Found device 2 with properties: 
name: Tesla V100-SXM2-16GB major: 7 minor: 0 memoryClockRate(GHz): 1.53
pciBusID: 0000:1d:00.0
totalMemory: 15.78GiB freeMemory: 15.37GiB
2018-10-01 15:09:51.394040: I tensorflow/core/common_runtime/gpu/gpu_device.cc:1405] Found device 3 with properties: 
name: Tesla V100-SXM2-16GB major: 7 minor: 0 memoryClockRate(GHz): 1.53
pciBusID: 0000:1e:00.0
totalMemory: 15.78GiB freeMemory: 15.37GiB
2018-10-01 15:09:51.395048: I tensorflow/core/common_runtime/gpu/gpu_device.cc:1484] Adding visible gpu devices: 0, 1, 2, 3
2018-10-01 15:09:57.622078: I tensorflow/core/common_runtime/gpu/gpu_device.cc:965] Device interconnect StreamExecutor with strength 1 edge matrix:
2018-10-01 15:09:57.622482: I tensorflow/core/common_runtime/gpu/gpu_device.cc:971]      0 1 2 3 
2018-10-01 15:09:57.622493: I tensorflow/core/common_runtime/gpu/gpu_device.cc:984] 0:   N Y Y Y 
2018-10-01 15:09:57.622498: I tensorflow/core/common_runtime/gpu/gpu_device.cc:984] 1:   Y N Y Y 
2018-10-01 15:09:57.622503: I tensorflow/core/common_runtime/gpu/gpu_device.cc:984] 2:   Y Y N Y 
2018-10-01 15:09:57.622508: I tensorflow/core/common_runtime/gpu/gpu_device.cc:984] 3:   Y Y Y N 
2018-10-01 15:09:57.623282: I tensorflow/core/common_runtime/gpu/gpu_device.cc:1097] Created TensorFlow device (/job:localhost/replica:0/task:0/device:GPU:0 with 14875 MB memory) -> physical GPU (device: 0, name: Tesla V100-SXM2-16GB, pci bus id: 0000:1a:00.0, compute capability: 7.0)
2018-10-01 15:09:57.756418: I tensorflow/core/common_runtime/gpu/gpu_device.cc:1097] Created TensorFlow device (/job:localhost/replica:0/task:0/device:GPU:1 with 14875 MB memory) -> physical GPU (device: 1, name: Tesla V100-SXM2-16GB, pci bus id: 0000:1c:00.0, compute capability: 7.0)
2018-10-01 15:09:57.891155: I tensorflow/core/common_runtime/gpu/gpu_device.cc:1097] Created TensorFlow device (/job:localhost/replica:0/task:0/device:GPU:2 with 14876 MB memory) -> physical GPU (device: 2, name: Tesla V100-SXM2-16GB, pci bus id: 0000:1d:00.0, compute capability: 7.0)
2018-10-01 15:09:58.024976: I tensorflow/core/common_runtime/gpu/gpu_device.cc:1097] Created TensorFlow device (/job:localhost/replica:0/task:0/device:GPU:3 with 14876 MB memory) -> physical GPU (device: 3, name: Tesla V100-SXM2-16GB, pci bus id: 0000:1e:00.0, compute capability: 7.0)
Using TensorFlow backend.
/home/amalli2s/anaconda3/envs/anime/lib/python3.6/site-packages/keras_applications/imagenet_utils.py:266: UserWarning: This model usually expects 1 or 3 input channels. However, it was passed an input_shape with 2 input channels.
  str(input_shape[0]) + ' input channels.')
