python custom_gridsearch_contrastive_loss.py
python custom_gridsearch_contrastive_loss_vgg.py
Column names are conv2d_filters, kernel_sizes, initialization, layers, dense_filter1, dense_filter2, dense_filter3, dropout1, dropout2, dropout3, use_bn, batch_size, optimizer, lr, epochs, loss
batch_size:  64  opt:  adamax  lr:  0.007  epochs:  5  loss:  contrastive
conv2d_filters:  [16, 16, 32, 32]  kernel_sizes:  3  initialization:  random  layers:  single
dense_filter1:  128  dense_filters2:  0  dense_filters3:  0
dropout1:  0.2  dropout2:  0.0  dropout3:  0.0  use_bn:  False
------------------------	  end of configs        -------------------------
keras_contrastive_loss_12Nov
__________________________________________________________________________________________________
Layer (type)                    Output Shape         Param #     Connected to                     
==================================================================================================
input_2 (InputLayer)            (None, 1, 96, 96)    0                                            
__________________________________________________________________________________________________
input_3 (InputLayer)            (None, 1, 96, 96)    0                                            
__________________________________________________________________________________________________
model_1 (Model)                 (None, 128)          1068080     input_2[0][0]                    
                                                                 input_3[0][0]                    
__________________________________________________________________________________________________
lambda_1 (Lambda)               (None, 1)            0           model_1[1][0]                    
                                                                 model_1[2][0]                    
==================================================================================================
Total params: 1,068,080
Trainable params: 1,068,080
Non-trainable params: 0
__________________________________________________________________________________________________
Train on 31872 samples, validate on 7440 samples
Epoch 1/5
 - 22s - loss: 0.3078 - acc: 0.5029 - val_loss: 0.4980 - val_acc: 0.5000
Epoch 2/5
 - 18s - loss: 0.1932 - acc: 0.6617 - val_loss: 0.1078 - val_acc: 0.8421
Epoch 3/5
 - 18s - loss: 0.1001 - acc: 0.7593 - val_loss: 0.1449 - val_acc: 0.7394

Epoch 00003: ReduceLROnPlateau reducing learning rate to 0.0022135944304441987.
Epoch 4/5
 - 19s - loss: 0.0864 - acc: 0.7229 - val_loss: 0.1265 - val_acc: 0.7405

Epoch 00004: ReduceLROnPlateau reducing learning rate to 0.0007000000447724339.
Epoch 00004: early stopping
Test accuracy:0.740
current auc_score ------------------> 0.909
accuracies:  [0.7404569892473118]
aucs:  [0.909]
mean and std AUC:  0.909+/-0.0  max:   0.909
batch_size:  64  opt:  adamax  lr:  0.005  epochs:  5  loss:  contrastive
conv2d_filters:  [16, 16, 32, 32]  kernel_sizes:  3  initialization:  random  layers:  single
dense_filter1:  128  dense_filters2:  0  dense_filters3:  0
dropout1:  0.2  dropout2:  0.0  dropout3:  0.0  use_bn:  False
------------------------	  end of configs        -------------------------
keras_contrastive_loss_12Nov
__________________________________________________________________________________________________
Layer (type)                    Output Shape         Param #     Connected to                     
==================================================================================================
input_2 (InputLayer)            (None, 1, 96, 96)    0                                            
__________________________________________________________________________________________________
input_3 (InputLayer)            (None, 1, 96, 96)    0                                            
__________________________________________________________________________________________________
model_1 (Model)                 (None, 128)          1068080     input_2[0][0]                    
                                                                 input_3[0][0]                    
__________________________________________________________________________________________________
lambda_1 (Lambda)               (None, 1)            0           model_1[1][0]                    
                                                                 model_1[2][0]                    
==================================================================================================
Total params: 1,068,080
Trainable params: 1,068,080
Non-trainable params: 0
__________________________________________________________________________________________________
Train on 31872 samples, validate on 7440 samples
Epoch 1/5
 - 19s - loss: 0.2727 - acc: 0.5012 - val_loss: 0.4273 - val_acc: 0.5000
Epoch 2/5
 - 18s - loss: 0.1371 - acc: 0.7516 - val_loss: 0.1260 - val_acc: 0.8223
Epoch 3/5
 - 18s - loss: 0.0932 - acc: 0.7407 - val_loss: 0.1520 - val_acc: 0.7310

Epoch 00003: ReduceLROnPlateau reducing learning rate to 0.0015811387947429827.
Epoch 4/5
 - 18s - loss: 0.0831 - acc: 0.7012 - val_loss: 0.1355 - val_acc: 0.6585

Epoch 00004: ReduceLROnPlateau reducing learning rate to 0.0004999999951665528.
Epoch 00004: early stopping
Test accuracy:0.658
current auc_score ------------------> 0.924
accuracies:  [0.6584677419354839]
aucs:  [0.924]
mean and std AUC:  0.924+/-0.0  max:   0.924
batch_size:  64  opt:  adamax  lr:  0.002  epochs:  5  loss:  contrastive
conv2d_filters:  [16, 16, 32, 32]  kernel_sizes:  3  initialization:  random  layers:  single
dense_filter1:  128  dense_filters2:  0  dense_filters3:  0
dropout1:  0.2  dropout2:  0.0  dropout3:  0.0  use_bn:  False
------------------------	  end of configs        -------------------------
keras_contrastive_loss_12Nov
__________________________________________________________________________________________________
Layer (type)                    Output Shape         Param #     Connected to                     
==================================================================================================
input_2 (InputLayer)            (None, 1, 96, 96)    0                                            
__________________________________________________________________________________________________
input_3 (InputLayer)            (None, 1, 96, 96)    0                                            
__________________________________________________________________________________________________
model_1 (Model)                 (None, 128)          1068080     input_2[0][0]                    
                                                                 input_3[0][0]                    
__________________________________________________________________________________________________
lambda_1 (Lambda)               (None, 1)            0           model_1[1][0]                    
                                                                 model_1[2][0]                    
==================================================================================================
Total params: 1,068,080
Trainable params: 1,068,080
Non-trainable params: 0
__________________________________________________________________________________________________
Train on 31872 samples, validate on 7440 samples
Epoch 1/5
 - 19s - loss: 0.2628 - acc: 0.5029 - val_loss: 0.4966 - val_acc: 0.5000
Epoch 2/5
 - 18s - loss: 0.2566 - acc: 0.4999 - val_loss: 0.4945 - val_acc: 0.5000
Epoch 3/5
 - 18s - loss: 0.2079 - acc: 0.6317 - val_loss: 0.1027 - val_acc: 0.8552
Epoch 4/5
 - 18s - loss: 0.0988 - acc: 0.7904 - val_loss: 0.1218 - val_acc: 0.8165

Epoch 00004: ReduceLROnPlateau reducing learning rate to 0.0006324555620737017.
Epoch 5/5
 - 18s - loss: 0.0836 - acc: 0.7285 - val_loss: 0.1269 - val_acc: 0.7702

Epoch 00005: ReduceLROnPlateau reducing learning rate to 0.00020000001279212398.
Epoch 00005: early stopping
Test accuracy:0.770
current auc_score ------------------> 0.934
accuracies:  [0.7701612903225806]
aucs:  [0.934]
mean and std AUC:  0.934+/-0.0  max:   0.934
batch_size:  64  opt:  adamax  lr:  0.001  epochs:  5  loss:  contrastive
conv2d_filters:  [16, 16, 32, 32]  kernel_sizes:  3  initialization:  random  layers:  single
dense_filter1:  128  dense_filters2:  0  dense_filters3:  0
dropout1:  0.2  dropout2:  0.0  dropout3:  0.0  use_bn:  False
------------------------	  end of configs        -------------------------
keras_contrastive_loss_12Nov
__________________________________________________________________________________________________
Layer (type)                    Output Shape         Param #     Connected to                     
==================================================================================================
input_2 (InputLayer)            (None, 1, 96, 96)    0                                            
__________________________________________________________________________________________________
input_3 (InputLayer)            (None, 1, 96, 96)    0                                            
__________________________________________________________________________________________________
model_1 (Model)                 (None, 128)          1068080     input_2[0][0]                    
                                                                 input_3[0][0]                    
__________________________________________________________________________________________________
lambda_1 (Lambda)               (None, 1)            0           model_1[1][0]                    
                                                                 model_1[2][0]                    
==================================================================================================
Total params: 1,068,080
Trainable params: 1,068,080
Non-trainable params: 0
__________________________________________________________________________________________________
Train on 31872 samples, validate on 7440 samples
Epoch 1/5
 - 18s - loss: 0.2610 - acc: 0.5012 - val_loss: 0.4892 - val_acc: 0.5000
Epoch 2/5
 - 18s - loss: 0.1725 - acc: 0.7231 - val_loss: 0.1138 - val_acc: 0.8336
Epoch 3/5
 - 18s - loss: 0.0960 - acc: 0.8073 - val_loss: 0.1173 - val_acc: 0.7786

Epoch 00003: ReduceLROnPlateau reducing learning rate to 0.00031622778103685084.
Epoch 4/5
 - 18s - loss: 0.0832 - acc: 0.7560 - val_loss: 0.1204 - val_acc: 0.7204

Epoch 00004: ReduceLROnPlateau reducing learning rate to 0.00010000000639606199.
Epoch 00004: early stopping
Test accuracy:0.720
current auc_score ------------------> 0.946
Saved model to disk
accuracies:  [0.7204301075268817]
aucs:  [0.946]
mean and std AUC:  0.946+/-0.0  max:   0.946
batch_size:  64  opt:  adamax  lr:  0.0007  epochs:  5  loss:  contrastive
conv2d_filters:  [16, 16, 32, 32]  kernel_sizes:  3  initialization:  random  layers:  single
dense_filter1:  128  dense_filters2:  0  dense_filters3:  0
dropout1:  0.2  dropout2:  0.0  dropout3:  0.0  use_bn:  False
------------------------	  end of configs        -------------------------
keras_contrastive_loss_12Nov
__________________________________________________________________________________________________
Layer (type)                    Output Shape         Param #     Connected to                     
==================================================================================================
input_2 (InputLayer)            (None, 1, 96, 96)    0                                            
__________________________________________________________________________________________________
input_3 (InputLayer)            (None, 1, 96, 96)    0                                            
__________________________________________________________________________________________________
model_1 (Model)                 (None, 128)          1068080     input_2[0][0]                    
                                                                 input_3[0][0]                    
__________________________________________________________________________________________________
lambda_1 (Lambda)               (None, 1)            0           model_1[1][0]                    
                                                                 model_1[2][0]                    
==================================================================================================
Total params: 1,068,080
Trainable params: 1,068,080
Non-trainable params: 0
__________________________________________________________________________________________________
Train on 31872 samples, validate on 7440 samples
Epoch 1/5
 - 18s - loss: 0.2510 - acc: 0.5343 - val_loss: 0.1510 - val_acc: 0.7501
Epoch 2/5
 - 18s - loss: 0.1210 - acc: 0.8284 - val_loss: 0.1369 - val_acc: 0.8128
Epoch 3/5
 - 18s - loss: 0.0958 - acc: 0.8086 - val_loss: 0.1378 - val_acc: 0.7922

Epoch 00003: ReduceLROnPlateau reducing learning rate to 0.00022135942831891703.
Epoch 4/5
 - 18s - loss: 0.0859 - acc: 0.7412 - val_loss: 0.1494 - val_acc: 0.7251

Epoch 00004: ReduceLROnPlateau reducing learning rate to 6.999999711449197e-05.
Epoch 00004: early stopping
Test accuracy:0.725
current auc_score ------------------> 0.915
accuracies:  [0.7251344086021505]
aucs:  [0.915]
mean and std AUC:  0.915+/-0.0  max:   0.915
batch_size:  64  opt:  adamax  lr:  0.0005  epochs:  5  loss:  contrastive
conv2d_filters:  [16, 16, 32, 32]  kernel_sizes:  3  initialization:  random  layers:  single
dense_filter1:  128  dense_filters2:  0  dense_filters3:  0
dropout1:  0.2  dropout2:  0.0  dropout3:  0.0  use_bn:  False
------------------------	  end of configs        -------------------------
keras_contrastive_loss_12Nov
__________________________________________________________________________________________________
Layer (type)                    Output Shape         Param #     Connected to                     
==================================================================================================
input_2 (InputLayer)            (None, 1, 96, 96)    0                                            
__________________________________________________________________________________________________
input_3 (InputLayer)            (None, 1, 96, 96)    0                                            
__________________________________________________________________________________________________
model_1 (Model)                 (None, 128)          1068080     input_2[0][0]                    
                                                                 input_3[0][0]                    
__________________________________________________________________________________________________
lambda_1 (Lambda)               (None, 1)            0           model_1[1][0]                    
                                                                 model_1[2][0]                    
==================================================================================================
Total params: 1,068,080
Trainable params: 1,068,080
Non-trainable params: 0
__________________________________________________________________________________________________
Train on 31872 samples, validate on 7440 samples
Epoch 1/5
 - 18s - loss: 0.2483 - acc: 0.5446 - val_loss: 0.1254 - val_acc: 0.8531
Epoch 2/5
 - 18s - loss: 0.1214 - acc: 0.8396 - val_loss: 0.1450 - val_acc: 0.8450

Epoch 00002: ReduceLROnPlateau reducing learning rate to 0.00015811389051842542.
Epoch 3/5
 - 18s - loss: 0.0885 - acc: 0.8084 - val_loss: 0.1504 - val_acc: 0.7938

Epoch 00003: ReduceLROnPlateau reducing learning rate to 5.0000003198030994e-05.
Epoch 00003: early stopping
Test accuracy:0.794
current auc_score ------------------> 0.914
accuracies:  [0.7938172043010753]
aucs:  [0.914]
mean and std AUC:  0.914+/-0.0  max:   0.914
batch_size:  64  opt:  adamax  lr:  0.0002  epochs:  5  loss:  contrastive
conv2d_filters:  [16, 16, 32, 32]  kernel_sizes:  3  initialization:  random  layers:  single
dense_filter1:  128  dense_filters2:  0  dense_filters3:  0
dropout1:  0.2  dropout2:  0.0  dropout3:  0.0  use_bn:  False
------------------------	  end of configs        -------------------------
keras_contrastive_loss_12Nov
__________________________________________________________________________________________________
Layer (type)                    Output Shape         Param #     Connected to                     
==================================================================================================
input_2 (InputLayer)            (None, 1, 96, 96)    0                                            
__________________________________________________________________________________________________
input_3 (InputLayer)            (None, 1, 96, 96)    0                                            
__________________________________________________________________________________________________
model_1 (Model)                 (None, 128)          1068080     input_2[0][0]                    
                                                                 input_3[0][0]                    
__________________________________________________________________________________________________
lambda_1 (Lambda)               (None, 1)            0           model_1[1][0]                    
                                                                 model_1[2][0]                    
==================================================================================================
Total params: 1,068,080
Trainable params: 1,068,080
Non-trainable params: 0
__________________________________________________________________________________________________
Train on 31872 samples, validate on 7440 samples
Epoch 1/5
 - 18s - loss: 0.2343 - acc: 0.5899 - val_loss: 0.1354 - val_acc: 0.8218
Epoch 2/5
 - 17s - loss: 0.1257 - acc: 0.8593 - val_loss: 0.1278 - val_acc: 0.8442
Epoch 3/5
 - 18s - loss: 0.0991 - acc: 0.8918 - val_loss: 0.1376 - val_acc: 0.8259

Epoch 00003: ReduceLROnPlateau reducing learning rate to 6.324555160565053e-05.
Epoch 4/5
 - 17s - loss: 0.0869 - acc: 0.8501 - val_loss: 0.1483 - val_acc: 0.8118

Epoch 00004: ReduceLROnPlateau reducing learning rate to 1.999999851818061e-05.
Epoch 00004: early stopping
Test accuracy:0.812
current auc_score ------------------> 0.902
accuracies:  [0.8118279569892473]
aucs:  [0.902]
mean and std AUC:  0.902+/-0.0  max:   0.902
batch_size:  64  opt:  adamax  lr:  0.0001  epochs:  5  loss:  contrastive
conv2d_filters:  [16, 16, 32, 32]  kernel_sizes:  3  initialization:  random  layers:  single
dense_filter1:  128  dense_filters2:  0  dense_filters3:  0
dropout1:  0.2  dropout2:  0.0  dropout3:  0.0  use_bn:  False
------------------------	  end of configs        -------------------------
keras_contrastive_loss_12Nov
__________________________________________________________________________________________________
Layer (type)                    Output Shape         Param #     Connected to                     
==================================================================================================
input_2 (InputLayer)            (None, 1, 96, 96)    0                                            
__________________________________________________________________________________________________
input_3 (InputLayer)            (None, 1, 96, 96)    0                                            
__________________________________________________________________________________________________
model_1 (Model)                 (None, 128)          1068080     input_2[0][0]                    
                                                                 input_3[0][0]                    
__________________________________________________________________________________________________
lambda_1 (Lambda)               (None, 1)            0           model_1[1][0]                    
                                                                 model_1[2][0]                    
==================================================================================================
Total params: 1,068,080
Trainable params: 1,068,080
Non-trainable params: 0
__________________________________________________________________________________________________
Train on 31872 samples, validate on 7440 samples
Epoch 1/5
 - 18s - loss: 0.2385 - acc: 0.5888 - val_loss: 0.1607 - val_acc: 0.7434
Epoch 2/5
 - 17s - loss: 0.1500 - acc: 0.7972 - val_loss: 0.1335 - val_acc: 0.8208
Epoch 3/5
 - 17s - loss: 0.1152 - acc: 0.8923 - val_loss: 0.1281 - val_acc: 0.8298
Epoch 4/5
 - 17s - loss: 0.0988 - acc: 0.9149 - val_loss: 0.1322 - val_acc: 0.8465

Epoch 00004: ReduceLROnPlateau reducing learning rate to 3.1622775802825264e-05.
Epoch 5/5
 - 18s - loss: 0.0887 - acc: 0.9009 - val_loss: 0.1416 - val_acc: 0.8341

Epoch 00005: ReduceLROnPlateau reducing learning rate to 9.999999259090306e-06.
Test accuracy:0.834
current auc_score ------------------> 0.907
accuracies:  [0.8341397849462365]
aucs:  [0.907]
mean and std AUC:  0.907+/-0.0  max:   0.907
batch_size:  64  opt:  adamax  lr:  7e-05  epochs:  5  loss:  contrastive
conv2d_filters:  [16, 16, 32, 32]  kernel_sizes:  3  initialization:  random  layers:  single
dense_filter1:  128  dense_filters2:  0  dense_filters3:  0
dropout1:  0.2  dropout2:  0.0  dropout3:  0.0  use_bn:  False
------------------------	  end of configs        -------------------------
keras_contrastive_loss_12Nov
__________________________________________________________________________________________________
Layer (type)                    Output Shape         Param #     Connected to                     
==================================================================================================
input_2 (InputLayer)            (None, 1, 96, 96)    0                                            
__________________________________________________________________________________________________
input_3 (InputLayer)            (None, 1, 96, 96)    0                                            
__________________________________________________________________________________________________
model_1 (Model)                 (None, 128)          1068080     input_2[0][0]                    
                                                                 input_3[0][0]                    
__________________________________________________________________________________________________
lambda_1 (Lambda)               (None, 1)            0           model_1[1][0]                    
                                                                 model_1[2][0]                    
==================================================================================================
Total params: 1,068,080
Trainable params: 1,068,080
Non-trainable params: 0
__________________________________________________________________________________________________
Train on 31872 samples, validate on 7440 samples
Epoch 1/5
 - 18s - loss: 0.2550 - acc: 0.5506 - val_loss: 0.2529 - val_acc: 0.5577
Epoch 2/5
 - 18s - loss: 0.1736 - acc: 0.7383 - val_loss: 0.1287 - val_acc: 0.8300
Epoch 3/5
 - 18s - loss: 0.1305 - acc: 0.8539 - val_loss: 0.1302 - val_acc: 0.8323

Epoch 00003: ReduceLROnPlateau reducing learning rate to 2.2135944212407596e-05.
Epoch 4/5
 - 18s - loss: 0.1110 - acc: 0.9062 - val_loss: 0.1259 - val_acc: 0.8411
Epoch 5/5
 - 18s - loss: 0.1048 - acc: 0.9195 - val_loss: 0.1322 - val_acc: 0.8402

Epoch 00005: ReduceLROnPlateau reducing learning rate to 7.000000171621161e-06.
Test accuracy:0.840
current auc_score ------------------> 0.913
accuracies:  [0.8401881720430108]
aucs:  [0.913]
mean and std AUC:  0.913+/-0.0  max:   0.913
batch_size:  64  opt:  adamax  lr:  5e-05  epochs:  5  loss:  contrastive
conv2d_filters:  [16, 16, 32, 32]  kernel_sizes:  3  initialization:  random  layers:  single
dense_filter1:  128  dense_filters2:  0  dense_filters3:  0
dropout1:  0.2  dropout2:  0.0  dropout3:  0.0  use_bn:  False
------------------------	  end of configs        -------------------------
keras_contrastive_loss_12Nov
__________________________________________________________________________________________________
Layer (type)                    Output Shape         Param #     Connected to                     
==================================================================================================
input_2 (InputLayer)            (None, 1, 96, 96)    0                                            
__________________________________________________________________________________________________
input_3 (InputLayer)            (None, 1, 96, 96)    0                                            
__________________________________________________________________________________________________
model_1 (Model)                 (None, 128)          1068080     input_2[0][0]                    
                                                                 input_3[0][0]                    
__________________________________________________________________________________________________
lambda_1 (Lambda)               (None, 1)            0           model_1[1][0]                    
                                                                 model_1[2][0]                    
==================================================================================================
Total params: 1,068,080
Trainable params: 1,068,080
Non-trainable params: 0
__________________________________________________________________________________________________
Train on 31872 samples, validate on 7440 samples
Epoch 1/5
 - 19s - loss: 0.2641 - acc: 0.5290 - val_loss: 0.3254 - val_acc: 0.5017
Epoch 2/5
 - 18s - loss: 0.1949 - acc: 0.6937 - val_loss: 0.1429 - val_acc: 0.8129
Epoch 3/5
 - 18s - loss: 0.1504 - acc: 0.8000 - val_loss: 0.1203 - val_acc: 0.8405
Epoch 4/5
 - 18s - loss: 0.1250 - acc: 0.8698 - val_loss: 0.1279 - val_acc: 0.8370

Epoch 00004: ReduceLROnPlateau reducing learning rate to 1.5811387901412632e-05.
Epoch 5/5
 - 18s - loss: 0.1101 - acc: 0.9110 - val_loss: 0.1303 - val_acc: 0.8358

Epoch 00005: ReduceLROnPlateau reducing learning rate to 4.999999629545153e-06.
Epoch 00005: early stopping
Test accuracy:0.836
current auc_score ------------------> 0.913
accuracies:  [0.835752688172043]
aucs:  [0.913]
mean and std AUC:  0.913+/-0.0  max:   0.913
batch_size:  64  opt:  adamax  lr:  2e-05  epochs:  5  loss:  contrastive
conv2d_filters:  [16, 16, 32, 32]  kernel_sizes:  3  initialization:  random  layers:  single
dense_filter1:  128  dense_filters2:  0  dense_filters3:  0
dropout1:  0.2  dropout2:  0.0  dropout3:  0.0  use_bn:  False
------------------------	  end of configs        -------------------------
keras_contrastive_loss_12Nov
__________________________________________________________________________________________________
Layer (type)                    Output Shape         Param #     Connected to                     
==================================================================================================
input_2 (InputLayer)            (None, 1, 96, 96)    0                                            
__________________________________________________________________________________________________
input_3 (InputLayer)            (None, 1, 96, 96)    0                                            
__________________________________________________________________________________________________
model_1 (Model)                 (None, 128)          1068080     input_2[0][0]                    
                                                                 input_3[0][0]                    
__________________________________________________________________________________________________
lambda_1 (Lambda)               (None, 1)            0           model_1[1][0]                    
                                                                 model_1[2][0]                    
==================================================================================================
Total params: 1,068,080
Trainable params: 1,068,080
Non-trainable params: 0
__________________________________________________________________________________________________
Train on 31872 samples, validate on 7440 samples
Epoch 1/5
 - 18s - loss: 0.2852 - acc: 0.5012 - val_loss: 0.4487 - val_acc: 0.5000
Epoch 2/5
 - 18s - loss: 0.2455 - acc: 0.5537 - val_loss: 0.3356 - val_acc: 0.5005
Epoch 3/5
 - 18s - loss: 0.2126 - acc: 0.6545 - val_loss: 0.2199 - val_acc: 0.5922
Epoch 4/5
 - 18s - loss: 0.1808 - acc: 0.7321 - val_loss: 0.1540 - val_acc: 0.7710
Epoch 5/5
 - 18s - loss: 0.1581 - acc: 0.7783 - val_loss: 0.1258 - val_acc: 0.8492
Test accuracy:0.849
current auc_score ------------------> 0.942
Saved model to disk
accuracies:  [0.8491935483870968]
aucs:  [0.942]
mean and std AUC:  0.942+/-0.0  max:   0.942
batch_size:  64  opt:  adamax  lr:  1e-05  epochs:  5  loss:  contrastive
conv2d_filters:  [16, 16, 32, 32]  kernel_sizes:  3  initialization:  random  layers:  single
dense_filter1:  128  dense_filters2:  0  dense_filters3:  0
dropout1:  0.2  dropout2:  0.0  dropout3:  0.0  use_bn:  False
------------------------	  end of configs        -------------------------
keras_contrastive_loss_12Nov
__________________________________________________________________________________________________
Layer (type)                    Output Shape         Param #     Connected to                     
==================================================================================================
input_2 (InputLayer)            (None, 1, 96, 96)    0                                            
__________________________________________________________________________________________________
input_3 (InputLayer)            (None, 1, 96, 96)    0                                            
__________________________________________________________________________________________________
model_1 (Model)                 (None, 128)          1068080     input_2[0][0]                    
                                                                 input_3[0][0]                    
__________________________________________________________________________________________________
lambda_1 (Lambda)               (None, 1)            0           model_1[1][0]                    
                                                                 model_1[2][0]                    
==================================================================================================
Total params: 1,068,080
Trainable params: 1,068,080
Non-trainable params: 0
__________________________________________________________________________________________________
Train on 31872 samples, validate on 7440 samples
Epoch 1/5
 - 18s - loss: 0.3244 - acc: 0.4916 - val_loss: 0.4590 - val_acc: 0.5000
Epoch 2/5
 - 17s - loss: 0.2515 - acc: 0.5222 - val_loss: 0.4450 - val_acc: 0.5000
Epoch 3/5
 - 18s - loss: 0.2476 - acc: 0.5420 - val_loss: 0.3944 - val_acc: 0.5000
Epoch 00003: early stopping
Test accuracy:0.500
current auc_score ------------------> 0.797
accuracies:  [0.5]
aucs:  [0.797]
mean and std AUC:  0.797+/-0.0  max:   0.797
batch_size:  64  opt:  adadelta  lr:  0.001  epochs:  5  loss:  contrastive
conv2d_filters:  [6, 32, 32]  kernel_sizes:  3  initialization:  random  layers:  single
dense_filter1:  128  dense_filters2:  0  dense_filters3:  0
dropout1:  0.2  dropout2:  0.0  dropout3:  0.0  use_bn:  False
------------------------	  end of configs        -------------------------
