python custom_gridsearch_contrastive_loss.py
python custom_gridsearch_contrastive_loss_vgg.py
Column names are conv2d_filters, kernel_sizes, initialization, layers, dense_filter1, dense_filter2, dense_filter3, dropout1, dropout2, dropout3, use_bn, batch_size, optimizer, lr, epochs, loss
batch_size:  64  opt:  adam  lr:  0.007  epochs:  5  loss:  contrastive
conv2d_filters:  [16, 16, 32, 32]  kernel_sizes:  3  initialization:  random  layers:  single
dense_filter1:  128  dense_filters2:  0  dense_filters3:  0
dropout1:  0.2  dropout2:  0.0  dropout3:  0.0  use_bn:  False
------------------------	  end of configs        -------------------------
keras_contrastive_loss_12Nov
__________________________________________________________________________________________________
Layer (type)                    Output Shape         Param #     Connected to                     
==================================================================================================
input_2 (InputLayer)            (None, 1, 96, 96)    0                                            
__________________________________________________________________________________________________
input_3 (InputLayer)            (None, 1, 96, 96)    0                                            
__________________________________________________________________________________________________
model_1 (Model)                 (None, 128)          1068080     input_2[0][0]                    
                                                                 input_3[0][0]                    
__________________________________________________________________________________________________
lambda_1 (Lambda)               (None, 1)            0           model_1[1][0]                    
                                                                 model_1[2][0]                    
==================================================================================================
Total params: 1,068,080
Trainable params: 1,068,080
Non-trainable params: 0
__________________________________________________________________________________________________
Train on 31872 samples, validate on 7440 samples
Epoch 1/5
 - 24s - loss: 0.2894 - acc: 0.4971 - val_loss: 0.4997 - val_acc: 0.5000
Epoch 2/5
 - 19s - loss: 0.2609 - acc: 0.5010 - val_loss: 0.4997 - val_acc: 0.5000

Epoch 00002: ReduceLROnPlateau reducing learning rate to 0.0022135944304441987.
Epoch 3/5
 - 19s - loss: 0.2593 - acc: 0.5033 - val_loss: 0.4997 - val_acc: 0.5000

Epoch 00003: ReduceLROnPlateau reducing learning rate to 0.0007000000447724339.
Epoch 00003: early stopping
Test accuracy:0.500
current auc_score ------------------> 0.500
accuracies:  [0.5]
aucs:  [0.5]
mean and std AUC:  0.5+/-0.0  max:   0.5
batch_size:  64  opt:  adam  lr:  0.005  epochs:  5  loss:  contrastive
conv2d_filters:  [16, 16, 32, 32]  kernel_sizes:  3  initialization:  random  layers:  single
dense_filter1:  128  dense_filters2:  0  dense_filters3:  0
dropout1:  0.2  dropout2:  0.0  dropout3:  0.0  use_bn:  False
------------------------	  end of configs        -------------------------
keras_contrastive_loss_12Nov
__________________________________________________________________________________________________
Layer (type)                    Output Shape         Param #     Connected to                     
==================================================================================================
input_2 (InputLayer)            (None, 1, 96, 96)    0                                            
__________________________________________________________________________________________________
input_3 (InputLayer)            (None, 1, 96, 96)    0                                            
__________________________________________________________________________________________________
model_1 (Model)                 (None, 128)          1068080     input_2[0][0]                    
                                                                 input_3[0][0]                    
__________________________________________________________________________________________________
lambda_1 (Lambda)               (None, 1)            0           model_1[1][0]                    
                                                                 model_1[2][0]                    
==================================================================================================
Total params: 1,068,080
Trainable params: 1,068,080
Non-trainable params: 0
__________________________________________________________________________________________________
Train on 31872 samples, validate on 7440 samples
Epoch 1/5
 - 20s - loss: 0.3151 - acc: 0.4963 - val_loss: 0.4997 - val_acc: 0.5000
Epoch 2/5
 - 19s - loss: 0.2648 - acc: 0.4924 - val_loss: 0.4997 - val_acc: 0.5000

Epoch 00002: ReduceLROnPlateau reducing learning rate to 0.0015811387947429827.
Epoch 3/5
 - 19s - loss: 0.2620 - acc: 0.4979 - val_loss: 0.4997 - val_acc: 0.5000

Epoch 00003: ReduceLROnPlateau reducing learning rate to 0.0004999999951665528.
Epoch 00003: early stopping
Test accuracy:0.500
current auc_score ------------------> 0.500
accuracies:  [0.5]
aucs:  [0.5]
mean and std AUC:  0.5+/-0.0  max:   0.5
batch_size:  64  opt:  adam  lr:  0.002  epochs:  5  loss:  contrastive
conv2d_filters:  [16, 16, 32, 32]  kernel_sizes:  3  initialization:  random  layers:  single
dense_filter1:  128  dense_filters2:  0  dense_filters3:  0
dropout1:  0.2  dropout2:  0.0  dropout3:  0.0  use_bn:  False
------------------------	  end of configs        -------------------------
keras_contrastive_loss_12Nov
__________________________________________________________________________________________________
Layer (type)                    Output Shape         Param #     Connected to                     
==================================================================================================
input_2 (InputLayer)            (None, 1, 96, 96)    0                                            
__________________________________________________________________________________________________
input_3 (InputLayer)            (None, 1, 96, 96)    0                                            
__________________________________________________________________________________________________
model_1 (Model)                 (None, 128)          1068080     input_2[0][0]                    
                                                                 input_3[0][0]                    
__________________________________________________________________________________________________
lambda_1 (Lambda)               (None, 1)            0           model_1[1][0]                    
                                                                 model_1[2][0]                    
==================================================================================================
Total params: 1,068,080
Trainable params: 1,068,080
Non-trainable params: 0
__________________________________________________________________________________________________
Train on 31872 samples, validate on 7440 samples
Epoch 1/5
 - 20s - loss: 0.2708 - acc: 0.4938 - val_loss: 0.4997 - val_acc: 0.5000
Epoch 2/5
 - 19s - loss: 0.2613 - acc: 0.5007 - val_loss: 0.4997 - val_acc: 0.5000

Epoch 00002: ReduceLROnPlateau reducing learning rate to 0.0006324555620737017.
Epoch 3/5
 - 19s - loss: 0.2604 - acc: 0.4925 - val_loss: 0.4997 - val_acc: 0.5000

Epoch 00003: ReduceLROnPlateau reducing learning rate to 0.00020000001279212398.
Epoch 00003: early stopping
Test accuracy:0.500
current auc_score ------------------> 0.500
accuracies:  [0.5]
aucs:  [0.5]
mean and std AUC:  0.5+/-0.0  max:   0.5
batch_size:  64  opt:  adam  lr:  0.001  epochs:  5  loss:  contrastive
conv2d_filters:  [16, 16, 32, 32]  kernel_sizes:  3  initialization:  random  layers:  single
dense_filter1:  128  dense_filters2:  0  dense_filters3:  0
dropout1:  0.2  dropout2:  0.0  dropout3:  0.0  use_bn:  False
------------------------	  end of configs        -------------------------
keras_contrastive_loss_12Nov
__________________________________________________________________________________________________
Layer (type)                    Output Shape         Param #     Connected to                     
==================================================================================================
input_2 (InputLayer)            (None, 1, 96, 96)    0                                            
__________________________________________________________________________________________________
input_3 (InputLayer)            (None, 1, 96, 96)    0                                            
__________________________________________________________________________________________________
model_1 (Model)                 (None, 128)          1068080     input_2[0][0]                    
                                                                 input_3[0][0]                    
__________________________________________________________________________________________________
lambda_1 (Lambda)               (None, 1)            0           model_1[1][0]                    
                                                                 model_1[2][0]                    
==================================================================================================
Total params: 1,068,080
Trainable params: 1,068,080
Non-trainable params: 0
__________________________________________________________________________________________________
Train on 31872 samples, validate on 7440 samples
Epoch 1/5
 - 20s - loss: 0.2648 - acc: 0.5036 - val_loss: 0.4997 - val_acc: 0.5000
Epoch 2/5
 - 19s - loss: 0.2586 - acc: 0.5010 - val_loss: 0.4997 - val_acc: 0.5000

Epoch 00002: ReduceLROnPlateau reducing learning rate to 0.00031622778103685084.
Epoch 3/5
 - 19s - loss: 0.2567 - acc: 0.5020 - val_loss: 0.4997 - val_acc: 0.5000

Epoch 00003: ReduceLROnPlateau reducing learning rate to 0.00010000000639606199.
Epoch 00003: early stopping
Test accuracy:0.500
current auc_score ------------------> 0.502
accuracies:  [0.5]
aucs:  [0.502]
mean and std AUC:  0.502+/-0.0  max:   0.502
batch_size:  64  opt:  adam  lr:  0.0007  epochs:  5  loss:  contrastive
conv2d_filters:  [16, 16, 32, 32]  kernel_sizes:  3  initialization:  random  layers:  single
dense_filter1:  128  dense_filters2:  0  dense_filters3:  0
dropout1:  0.2  dropout2:  0.0  dropout3:  0.0  use_bn:  False
------------------------	  end of configs        -------------------------
keras_contrastive_loss_12Nov
__________________________________________________________________________________________________
Layer (type)                    Output Shape         Param #     Connected to                     
==================================================================================================
input_2 (InputLayer)            (None, 1, 96, 96)    0                                            
__________________________________________________________________________________________________
input_3 (InputLayer)            (None, 1, 96, 96)    0                                            
__________________________________________________________________________________________________
model_1 (Model)                 (None, 128)          1068080     input_2[0][0]                    
                                                                 input_3[0][0]                    
__________________________________________________________________________________________________
lambda_1 (Lambda)               (None, 1)            0           model_1[1][0]                    
                                                                 model_1[2][0]                    
==================================================================================================
Total params: 1,068,080
Trainable params: 1,068,080
Non-trainable params: 0
__________________________________________________________________________________________________
Train on 31872 samples, validate on 7440 samples
Epoch 1/5
 - 19s - loss: 0.2630 - acc: 0.4980 - val_loss: 0.4986 - val_acc: 0.5000
Epoch 2/5
 - 19s - loss: 0.2553 - acc: 0.5047 - val_loss: 0.4997 - val_acc: 0.5000

Epoch 00002: ReduceLROnPlateau reducing learning rate to 0.00022135942831891703.
Epoch 3/5
 - 19s - loss: 0.2542 - acc: 0.4973 - val_loss: 0.4984 - val_acc: 0.5000
Epoch 00003: early stopping
Test accuracy:0.500
current auc_score ------------------> 0.856
accuracies:  [0.5]
aucs:  [0.856]
mean and std AUC:  0.856+/-0.0  max:   0.856
batch_size:  64  opt:  adam  lr:  0.0005  epochs:  5  loss:  contrastive
conv2d_filters:  [16, 16, 32, 32]  kernel_sizes:  3  initialization:  random  layers:  single
dense_filter1:  128  dense_filters2:  0  dense_filters3:  0
dropout1:  0.2  dropout2:  0.0  dropout3:  0.0  use_bn:  False
------------------------	  end of configs        -------------------------
keras_contrastive_loss_12Nov
__________________________________________________________________________________________________
Layer (type)                    Output Shape         Param #     Connected to                     
==================================================================================================
input_2 (InputLayer)            (None, 1, 96, 96)    0                                            
__________________________________________________________________________________________________
input_3 (InputLayer)            (None, 1, 96, 96)    0                                            
__________________________________________________________________________________________________
model_1 (Model)                 (None, 128)          1068080     input_2[0][0]                    
                                                                 input_3[0][0]                    
__________________________________________________________________________________________________
lambda_1 (Lambda)               (None, 1)            0           model_1[1][0]                    
                                                                 model_1[2][0]                    
==================================================================================================
Total params: 1,068,080
Trainable params: 1,068,080
Non-trainable params: 0
__________________________________________________________________________________________________
Train on 31872 samples, validate on 7440 samples
Epoch 1/5
 - 19s - loss: 0.2623 - acc: 0.5029 - val_loss: 0.4991 - val_acc: 0.5000
Epoch 2/5
 - 19s - loss: 0.2550 - acc: 0.5023 - val_loss: 0.4996 - val_acc: 0.5000

Epoch 00002: ReduceLROnPlateau reducing learning rate to 0.00015811389051842542.
Epoch 3/5
 - 19s - loss: 0.2537 - acc: 0.4985 - val_loss: 0.4995 - val_acc: 0.5000

Epoch 00003: ReduceLROnPlateau reducing learning rate to 5.0000003198030994e-05.
Epoch 00003: early stopping
Test accuracy:0.500
current auc_score ------------------> 0.770
accuracies:  [0.5]
aucs:  [0.77]
mean and std AUC:  0.77+/-0.0  max:   0.77
batch_size:  64  opt:  adam  lr:  0.0002  epochs:  5  loss:  contrastive
conv2d_filters:  [16, 16, 32, 32]  kernel_sizes:  3  initialization:  random  layers:  single
dense_filter1:  128  dense_filters2:  0  dense_filters3:  0
dropout1:  0.2  dropout2:  0.0  dropout3:  0.0  use_bn:  False
------------------------	  end of configs        -------------------------
keras_contrastive_loss_12Nov
__________________________________________________________________________________________________
Layer (type)                    Output Shape         Param #     Connected to                     
==================================================================================================
input_2 (InputLayer)            (None, 1, 96, 96)    0                                            
__________________________________________________________________________________________________
input_3 (InputLayer)            (None, 1, 96, 96)    0                                            
__________________________________________________________________________________________________
model_1 (Model)                 (None, 128)          1068080     input_2[0][0]                    
                                                                 input_3[0][0]                    
__________________________________________________________________________________________________
lambda_1 (Lambda)               (None, 1)            0           model_1[1][0]                    
                                                                 model_1[2][0]                    
==================================================================================================
Total params: 1,068,080
Trainable params: 1,068,080
Non-trainable params: 0
__________________________________________________________________________________________________
Train on 31872 samples, validate on 7440 samples
Epoch 1/5
 - 19s - loss: 0.2590 - acc: 0.5108 - val_loss: 0.2248 - val_acc: 0.6181
Epoch 2/5
 - 19s - loss: 0.1221 - acc: 0.8173 - val_loss: 0.1056 - val_acc: 0.8152
Epoch 3/5
 - 19s - loss: 0.0898 - acc: 0.7857 - val_loss: 0.1321 - val_acc: 0.7825

Epoch 00003: ReduceLROnPlateau reducing learning rate to 6.324555160565053e-05.
Epoch 4/5
 - 19s - loss: 0.0822 - acc: 0.7352 - val_loss: 0.1260 - val_acc: 0.7332

Epoch 00004: ReduceLROnPlateau reducing learning rate to 1.999999851818061e-05.
Epoch 00004: early stopping
Test accuracy:0.733
current auc_score ------------------> 0.946
Saved model to disk
accuracies:  [0.7331989247311828]
aucs:  [0.946]
mean and std AUC:  0.946+/-0.0  max:   0.946
batch_size:  64  opt:  adam  lr:  0.0001  epochs:  5  loss:  contrastive
conv2d_filters:  [16, 16, 32, 32]  kernel_sizes:  3  initialization:  random  layers:  single
dense_filter1:  128  dense_filters2:  0  dense_filters3:  0
dropout1:  0.2  dropout2:  0.0  dropout3:  0.0  use_bn:  False
------------------------	  end of configs        -------------------------
keras_contrastive_loss_12Nov
__________________________________________________________________________________________________
Layer (type)                    Output Shape         Param #     Connected to                     
==================================================================================================
input_2 (InputLayer)            (None, 1, 96, 96)    0                                            
__________________________________________________________________________________________________
input_3 (InputLayer)            (None, 1, 96, 96)    0                                            
__________________________________________________________________________________________________
model_1 (Model)                 (None, 128)          1068080     input_2[0][0]                    
                                                                 input_3[0][0]                    
__________________________________________________________________________________________________
lambda_1 (Lambda)               (None, 1)            0           model_1[1][0]                    
                                                                 model_1[2][0]                    
==================================================================================================
Total params: 1,068,080
Trainable params: 1,068,080
Non-trainable params: 0
__________________________________________________________________________________________________
Train on 31872 samples, validate on 7440 samples
Epoch 1/5
 - 20s - loss: 0.1941 - acc: 0.6881 - val_loss: 0.1069 - val_acc: 0.8638
Epoch 2/5
 - 19s - loss: 0.1000 - acc: 0.8441 - val_loss: 0.1141 - val_acc: 0.8480

Epoch 00002: ReduceLROnPlateau reducing learning rate to 3.1622775802825264e-05.
Epoch 3/5
 - 19s - loss: 0.0839 - acc: 0.8073 - val_loss: 0.1245 - val_acc: 0.7789

Epoch 00003: ReduceLROnPlateau reducing learning rate to 9.999999259090306e-06.
Epoch 00003: early stopping
Test accuracy:0.779
current auc_score ------------------> 0.932
accuracies:  [0.7788978494623656]
aucs:  [0.932]
mean and std AUC:  0.932+/-0.0  max:   0.932
batch_size:  64  opt:  adam  lr:  7e-05  epochs:  5  loss:  contrastive
conv2d_filters:  [16, 16, 32, 32]  kernel_sizes:  3  initialization:  random  layers:  single
dense_filter1:  128  dense_filters2:  0  dense_filters3:  0
dropout1:  0.2  dropout2:  0.0  dropout3:  0.0  use_bn:  False
------------------------	  end of configs        -------------------------
keras_contrastive_loss_12Nov
__________________________________________________________________________________________________
Layer (type)                    Output Shape         Param #     Connected to                     
==================================================================================================
input_2 (InputLayer)            (None, 1, 96, 96)    0                                            
__________________________________________________________________________________________________
input_3 (InputLayer)            (None, 1, 96, 96)    0                                            
__________________________________________________________________________________________________
model_1 (Model)                 (None, 128)          1068080     input_2[0][0]                    
                                                                 input_3[0][0]                    
__________________________________________________________________________________________________
lambda_1 (Lambda)               (None, 1)            0           model_1[1][0]                    
                                                                 model_1[2][0]                    
==================================================================================================
Total params: 1,068,080
Trainable params: 1,068,080
Non-trainable params: 0
__________________________________________________________________________________________________
Train on 31872 samples, validate on 7440 samples
Epoch 1/5
 - 20s - loss: 0.1960 - acc: 0.6926 - val_loss: 0.1226 - val_acc: 0.8351
Epoch 2/5
 - 19s - loss: 0.1043 - acc: 0.8868 - val_loss: 0.1265 - val_acc: 0.8501

Epoch 00002: ReduceLROnPlateau reducing learning rate to 2.2135944212407596e-05.
Epoch 3/5
 - 19s - loss: 0.0863 - acc: 0.8699 - val_loss: 0.1295 - val_acc: 0.8337

Epoch 00003: ReduceLROnPlateau reducing learning rate to 7.000000171621161e-06.
Epoch 4/5
 - 19s - loss: 0.0818 - acc: 0.8534 - val_loss: 0.1319 - val_acc: 0.8187

Epoch 00004: ReduceLROnPlateau reducing learning rate to 2.2135943924800117e-06.
Epoch 00004: early stopping
Test accuracy:0.819
current auc_score ------------------> 0.924
accuracies:  [0.8186827956989248]
aucs:  [0.924]
mean and std AUC:  0.924+/-0.0  max:   0.924
batch_size:  64  opt:  adam  lr:  5e-05  epochs:  5  loss:  contrastive
conv2d_filters:  [16, 16, 32, 32]  kernel_sizes:  3  initialization:  random  layers:  single
dense_filter1:  128  dense_filters2:  0  dense_filters3:  0
dropout1:  0.2  dropout2:  0.0  dropout3:  0.0  use_bn:  False
------------------------	  end of configs        -------------------------
keras_contrastive_loss_12Nov
__________________________________________________________________________________________________
Layer (type)                    Output Shape         Param #     Connected to                     
==================================================================================================
input_2 (InputLayer)            (None, 1, 96, 96)    0                                            
__________________________________________________________________________________________________
input_3 (InputLayer)            (None, 1, 96, 96)    0                                            
__________________________________________________________________________________________________
model_1 (Model)                 (None, 128)          1068080     input_2[0][0]                    
                                                                 input_3[0][0]                    
__________________________________________________________________________________________________
lambda_1 (Lambda)               (None, 1)            0           model_1[1][0]                    
                                                                 model_1[2][0]                    
==================================================================================================
Total params: 1,068,080
Trainable params: 1,068,080
Non-trainable params: 0
__________________________________________________________________________________________________
Train on 31872 samples, validate on 7440 samples
Epoch 1/5
 - 20s - loss: 0.2148 - acc: 0.6569 - val_loss: 0.1241 - val_acc: 0.8405
Epoch 2/5
 - 19s - loss: 0.1109 - acc: 0.8885 - val_loss: 0.1364 - val_acc: 0.8196

Epoch 00002: ReduceLROnPlateau reducing learning rate to 1.5811387901412632e-05.
Epoch 3/5
 - 19s - loss: 0.0900 - acc: 0.9120 - val_loss: 0.1416 - val_acc: 0.8308

Epoch 00003: ReduceLROnPlateau reducing learning rate to 4.999999629545153e-06.
Epoch 00003: early stopping
Test accuracy:0.831
current auc_score ------------------> 0.907
accuracies:  [0.8307795698924731]
aucs:  [0.907]
mean and std AUC:  0.907+/-0.0  max:   0.907
batch_size:  64  opt:  adam  lr:  2e-05  epochs:  5  loss:  contrastive
conv2d_filters:  [16, 16, 32, 32]  kernel_sizes:  3  initialization:  random  layers:  single
dense_filter1:  128  dense_filters2:  0  dense_filters3:  0
dropout1:  0.2  dropout2:  0.0  dropout3:  0.0  use_bn:  False
------------------------	  end of configs        -------------------------
keras_contrastive_loss_12Nov
__________________________________________________________________________________________________
Layer (type)                    Output Shape         Param #     Connected to                     
==================================================================================================
input_2 (InputLayer)            (None, 1, 96, 96)    0                                            
__________________________________________________________________________________________________
input_3 (InputLayer)            (None, 1, 96, 96)    0                                            
__________________________________________________________________________________________________
model_1 (Model)                 (None, 128)          1068080     input_2[0][0]                    
                                                                 input_3[0][0]                    
__________________________________________________________________________________________________
lambda_1 (Lambda)               (None, 1)            0           model_1[1][0]                    
                                                                 model_1[2][0]                    
==================================================================================================
Total params: 1,068,080
Trainable params: 1,068,080
Non-trainable params: 0
__________________________________________________________________________________________________
Train on 31872 samples, validate on 7440 samples
Epoch 1/5
 - 20s - loss: 0.2585 - acc: 0.5652 - val_loss: 0.1871 - val_acc: 0.6657
Epoch 2/5
 - 19s - loss: 0.1594 - acc: 0.7742 - val_loss: 0.1184 - val_acc: 0.8387
Epoch 3/5
 - 19s - loss: 0.1227 - acc: 0.8698 - val_loss: 0.1193 - val_acc: 0.8480

Epoch 00003: ReduceLROnPlateau reducing learning rate to 6.324555160565053e-06.
Epoch 4/5
 - 19s - loss: 0.1055 - acc: 0.9125 - val_loss: 0.1215 - val_acc: 0.8462

Epoch 00004: ReduceLROnPlateau reducing learning rate to 1.999999966861052e-06.
Epoch 5/5
 - 19s - loss: 0.1011 - acc: 0.9239 - val_loss: 0.1273 - val_acc: 0.8426

Epoch 00005: ReduceLROnPlateau reducing learning rate to 6.324555304368792e-07.
Epoch 00005: early stopping
Test accuracy:0.843
current auc_score ------------------> 0.917
accuracies:  [0.8426075268817205]
aucs:  [0.917]
mean and std AUC:  0.917+/-0.0  max:   0.917
batch_size:  64  opt:  adam  lr:  1e-05  epochs:  5  loss:  contrastive
conv2d_filters:  [16, 16, 32, 32]  kernel_sizes:  3  initialization:  random  layers:  single
dense_filter1:  128  dense_filters2:  0  dense_filters3:  0
dropout1:  0.2  dropout2:  0.0  dropout3:  0.0  use_bn:  False
------------------------	  end of configs        -------------------------
keras_contrastive_loss_12Nov
__________________________________________________________________________________________________
Layer (type)                    Output Shape         Param #     Connected to                     
==================================================================================================
input_2 (InputLayer)            (None, 1, 96, 96)    0                                            
__________________________________________________________________________________________________
input_3 (InputLayer)            (None, 1, 96, 96)    0                                            
__________________________________________________________________________________________________
model_1 (Model)                 (None, 128)          1068080     input_2[0][0]                    
                                                                 input_3[0][0]                    
__________________________________________________________________________________________________
lambda_1 (Lambda)               (None, 1)            0           model_1[1][0]                    
                                                                 model_1[2][0]                    
==================================================================================================
Total params: 1,068,080
Trainable params: 1,068,080
Non-trainable params: 0
__________________________________________________________________________________________________
Train on 31872 samples, validate on 7440 samples
Epoch 1/5
 - 20s - loss: 0.2969 - acc: 0.5027 - val_loss: 0.4159 - val_acc: 0.5000
Epoch 2/5
 - 19s - loss: 0.2176 - acc: 0.6409 - val_loss: 0.1893 - val_acc: 0.6554
Epoch 3/5
 - 19s - loss: 0.1679 - acc: 0.7564 - val_loss: 0.1261 - val_acc: 0.8519
Epoch 4/5
 - 19s - loss: 0.1394 - acc: 0.8265 - val_loss: 0.1125 - val_acc: 0.8598
Epoch 5/5
 - 19s - loss: 0.1223 - acc: 0.8734 - val_loss: 0.1147 - val_acc: 0.8508

Epoch 00005: ReduceLROnPlateau reducing learning rate to 3.1622775802825263e-06.
Test accuracy:0.851
current auc_score ------------------> 0.942
Saved model to disk
accuracies:  [0.8508064516129032]
aucs:  [0.942]
mean and std AUC:  0.942+/-0.0  max:   0.942
